<?xml version="1.0" encoding="UTF-8"?>
<testsuite xmlns:xsi="http://www.w3.org/2001/XMLSchema-instance" xsi:noNamespaceSchemaLocation="https://maven.apache.org/surefire/maven-surefire-plugin/xsd/surefire-test-report.xsd" name="at.htl.beeyond.integration.namespace.NamespaceTest" time="1.457" tests="16" errors="0" skipped="0" failures="0">
  <properties>
    <property name="awt.toolkit" value="sun.awt.X11.XToolkit"/>
    <property name="java.specification.version" value="11"/>
    <property name="sun.cpu.isalist" value=""/>
    <property name="sun.jnu.encoding" value="UTF-8"/>
    <property name="java.class.path" value="/home/runner/work/beeyond/beeyond/backend-beeyond/target/test-classes:/home/runner/work/beeyond/beeyond/backend-beeyond/target/classes:/home/runner/.m2/repository/io/quarkus/quarkus-resteasy-jsonb/1.13.7.Final/quarkus-resteasy-jsonb-1.13.7.Final.jar:/home/runner/.m2/repository/org/jboss/resteasy/resteasy-json-binding-provider/4.5.12.Final/resteasy-json-binding-provider-4.5.12.Final.jar:/home/runner/.m2/repository/jakarta/json/bind/jakarta.json.bind-api/1.0.2/jakarta.json.bind-api-1.0.2.jar:/home/runner/.m2/repository/org/jboss/logging/jboss-logging/3.4.1.Final/jboss-logging-3.4.1.Final.jar:/home/runner/.m2/repository/org/jboss/resteasy/resteasy-json-p-provider/4.5.12.Final/resteasy-json-p-provider-4.5.12.Final.jar:/home/runner/.m2/repository/commons-io/commons-io/2.8.0/commons-io-2.8.0.jar:/home/runner/.m2/repository/io/quarkus/quarkus-kotlin/1.13.7.Final/quarkus-kotlin-1.13.7.Final.jar:/home/runner/.m2/repository/io/quarkus/quarkus-core/1.13.7.Final/quarkus-core-1.13.7.Final.jar:/home/runner/.m2/repository/jakarta/inject/jakarta.inject-api/1.0/jakarta.inject-api-1.0.jar:/home/runner/.m2/repository/io/quarkus/quarkus-ide-launcher/1.13.7.Final/quarkus-ide-launcher-1.13.7.Final.jar:/home/runner/.m2/repository/io/quarkus/quarkus-development-mode-spi/1.13.7.Final/quarkus-development-mode-spi-1.13.7.Final.jar:/home/runner/.m2/repository/io/smallrye/config/smallrye-config/1.13.1/smallrye-config-1.13.1.jar:/home/runner/.m2/repository/io/smallrye/common/smallrye-common-annotation/1.5.0/smallrye-common-annotation-1.5.0.jar:/home/runner/.m2/repository/io/smallrye/common/smallrye-common-expression/1.5.0/smallrye-common-expression-1.5.0.jar:/home/runner/.m2/repository/io/smallrye/common/smallrye-common-function/1.5.0/smallrye-common-function-1.5.0.jar:/home/runner/.m2/repository/io/smallrye/common/smallrye-common-classloader/1.5.0/smallrye-common-classloader-1.5.0.jar:/home/runner/.m2/repository/org/jboss/logmanager/jboss-logmanager-embedded/1.0.9/jboss-logmanager-embedded-1.0.9.jar:/home/runner/.m2/repository/org/jboss/logging/jboss-logging-annotations/2.2.0.Final/jboss-logging-annotations-2.2.0.Final.jar:/home/runner/.m2/repository/org/jboss/threads/jboss-threads/3.2.0.Final/jboss-threads-3.2.0.Final.jar:/home/runner/.m2/repository/org/jboss/slf4j/slf4j-jboss-logmanager/1.1.0.Final/slf4j-jboss-logmanager-1.1.0.Final.jar:/home/runner/.m2/repository/org/graalvm/sdk/graal-sdk/21.0.0/graal-sdk-21.0.0.jar:/home/runner/.m2/repository/org/wildfly/common/wildfly-common/1.5.4.Final-format-001/wildfly-common-1.5.4.Final-format-001.jar:/home/runner/.m2/repository/io/quarkus/quarkus-bootstrap-runner/1.13.7.Final/quarkus-bootstrap-runner-1.13.7.Final.jar:/home/runner/.m2/repository/org/jetbrains/kotlin/kotlin-stdlib/1.4.32/kotlin-stdlib-1.4.32.jar:/home/runner/.m2/repository/org/jetbrains/kotlin/kotlin-stdlib-common/1.4.32/kotlin-stdlib-common-1.4.32.jar:/home/runner/.m2/repository/org/jetbrains/annotations/13.0/annotations-13.0.jar:/home/runner/.m2/repository/io/quarkus/quarkus-resteasy/1.13.7.Final/quarkus-resteasy-1.13.7.Final.jar:/home/runner/.m2/repository/io/quarkus/quarkus-vertx-http/1.13.7.Final/quarkus-vertx-http-1.13.7.Final.jar:/home/runner/.m2/repository/io/quarkus/quarkus-security-runtime-spi/1.13.7.Final/quarkus-security-runtime-spi-1.13.7.Final.jar:/home/runner/.m2/repository/io/quarkus/quarkus-vertx-http-dev-console-runtime-spi/1.13.7.Final/quarkus-vertx-http-dev-console-runtime-spi-1.13.7.Final.jar:/home/runner/.m2/repository/io/quarkus/quarkus-vertx-core/1.13.7.Final/quarkus-vertx-core-1.13.7.Final.jar:/home/runner/.m2/repository/io/quarkus/quarkus-netty/1.13.7.Final/quarkus-netty-1.13.7.Final.jar:/home/runner/.m2/repository/io/netty/netty-codec/4.1.49.Final/netty-codec-4.1.49.Final.jar:/home/runner/.m2/repository/io/netty/netty-handler/4.1.49.Final/netty-handler-4.1.49.Final.jar:/home/runner/.m2/repository/io/vertx/vertx-core/3.9.6/vertx-core-3.9.6.jar:/home/runner/.m2/repository/io/netty/netty-common/4.1.49.Final/netty-common-4.1.49.Final.jar:/home/runner/.m2/repository/io/netty/netty-buffer/4.1.49.Final/netty-buffer-4.1.49.Final.jar:/home/runner/.m2/repository/io/netty/netty-transport/4.1.49.Final/netty-transport-4.1.49.Final.jar:/home/runner/.m2/repository/io/netty/netty-handler-proxy/4.1.49.Final/netty-handler-proxy-4.1.49.Final.jar:/home/runner/.m2/repository/io/netty/netty-codec-socks/4.1.49.Final/netty-codec-socks-4.1.49.Final.jar:/home/runner/.m2/repository/io/netty/netty-codec-http/4.1.49.Final/netty-codec-http-4.1.49.Final.jar:/home/runner/.m2/repository/io/netty/netty-codec-http2/4.1.49.Final/netty-codec-http2-4.1.49.Final.jar:/home/runner/.m2/repository/io/netty/netty-resolver/4.1.49.Final/netty-resolver-4.1.49.Final.jar:/home/runner/.m2/repository/io/netty/netty-resolver-dns/4.1.49.Final/netty-resolver-dns-4.1.49.Final.jar:/home/runner/.m2/repository/io/netty/netty-codec-dns/4.1.49.Final/netty-codec-dns-4.1.49.Final.jar:/home/runner/.m2/repository/io/vertx/vertx-web/3.9.6/vertx-web-3.9.6.jar:/home/runner/.m2/repository/io/vertx/vertx-web-common/3.9.6/vertx-web-common-3.9.6.jar:/home/runner/.m2/repository/io/vertx/vertx-auth-common/3.9.6/vertx-auth-common-3.9.6.jar:/home/runner/.m2/repository/io/vertx/vertx-bridge-common/3.9.6/vertx-bridge-common-3.9.6.jar:/home/runner/.m2/repository/io/quarkus/quarkus-resteasy-server-common/1.13.7.Final/quarkus-resteasy-server-common-1.13.7.Final.jar:/home/runner/.m2/repository/jakarta/validation/jakarta.validation-api/2.0.2/jakarta.validation-api-2.0.2.jar:/home/runner/.m2/repository/io/quarkus/quarkus-arc/1.13.7.Final/quarkus-arc-1.13.7.Final.jar:/home/runner/.m2/repository/io/quarkus/arc/arc/1.13.7.Final/arc-1.13.7.Final.jar:/home/runner/.m2/repository/jakarta/transaction/jakarta.transaction-api/1.3.3/jakarta.transaction-api-1.3.3.jar:/home/runner/.m2/repository/org/eclipse/microprofile/context-propagation/microprofile-context-propagation-api/1.0.1/microprofile-context-propagation-api-1.0.1.jar:/home/runner/.m2/repository/io/quarkus/quarkus-junit5/1.13.7.Final/quarkus-junit5-1.13.7.Final.jar:/home/runner/.m2/repository/io/quarkus/quarkus-bootstrap-core/1.13.7.Final/quarkus-bootstrap-core-1.13.7.Final.jar:/home/runner/.m2/repository/io/quarkus/quarkus-bootstrap-app-model/1.13.7.Final/quarkus-bootstrap-app-model-1.13.7.Final.jar:/home/runner/.m2/repository/io/quarkus/quarkus-bootstrap-maven-resolver/1.13.7.Final/quarkus-bootstrap-maven-resolver-1.13.7.Final.jar:/home/runner/.m2/repository/org/apache/maven/maven-embedder/3.8.1/maven-embedder-3.8.1.jar:/home/runner/.m2/repository/org/apache/maven/maven-settings/3.8.1/maven-settings-3.8.1.jar:/home/runner/.m2/repository/org/apache/maven/maven-core/3.8.1/maven-core-3.8.1.jar:/home/runner/.m2/repository/org/apache/maven/maven-artifact/3.8.1/maven-artifact-3.8.1.jar:/home/runner/.m2/repository/org/codehaus/plexus/plexus-component-annotations/2.1.0/plexus-component-annotations-2.1.0.jar:/home/runner/.m2/repository/org/apache/maven/maven-plugin-api/3.8.1/maven-plugin-api-3.8.1.jar:/home/runner/.m2/repository/org/apache/maven/maven-model/3.8.1/maven-model-3.8.1.jar:/home/runner/.m2/repository/org/apache/maven/maven-model-builder/3.8.1/maven-model-builder-3.8.1.jar:/home/runner/.m2/repository/org/apache/maven/maven-builder-support/3.8.1/maven-builder-support-3.8.1.jar:/home/runner/.m2/repository/org/apache/maven/resolver/maven-resolver-api/1.6.2/maven-resolver-api-1.6.2.jar:/home/runner/.m2/repository/org/apache/maven/resolver/maven-resolver-util/1.6.2/maven-resolver-util-1.6.2.jar:/home/runner/.m2/repository/org/apache/maven/shared/maven-shared-utils/3.2.1/maven-shared-utils-3.2.1.jar:/home/runner/.m2/repository/com/google/inject/guice/4.2.1/guice-4.2.1-no_aop.jar:/home/runner/.m2/repository/org/codehaus/plexus/plexus-utils/3.2.1/plexus-utils-3.2.1.jar:/home/runner/.m2/repository/org/codehaus/plexus/plexus-classworlds/2.6.0/plexus-classworlds-2.6.0.jar:/home/runner/.m2/repository/commons-cli/commons-cli/1.4/commons-cli-1.4.jar:/home/runner/.m2/repository/org/eclipse/sisu/org.eclipse.sisu.plexus/0.3.4/org.eclipse.sisu.plexus-0.3.4.jar:/home/runner/.m2/repository/org/apache/maven/maven-settings-builder/3.8.1/maven-settings-builder-3.8.1.jar:/home/runner/.m2/repository/org/codehaus/plexus/plexus-interpolation/1.25/plexus-interpolation-1.25.jar:/home/runner/.m2/repository/org/sonatype/plexus/plexus-sec-dispatcher/1.4/plexus-sec-dispatcher-1.4.jar:/home/runner/.m2/repository/org/sonatype/plexus/plexus-cipher/1.4/plexus-cipher-1.4.jar:/home/runner/.m2/repository/org/apache/maven/maven-resolver-provider/3.8.1/maven-resolver-provider-3.8.1.jar:/home/runner/.m2/repository/org/apache/maven/maven-repository-metadata/3.8.1/maven-repository-metadata-3.8.1.jar:/home/runner/.m2/repository/org/apache/maven/resolver/maven-resolver-spi/1.6.2/maven-resolver-spi-1.6.2.jar:/home/runner/.m2/repository/org/apache/maven/resolver/maven-resolver-impl/1.6.2/maven-resolver-impl-1.6.2.jar:/home/runner/.m2/repository/org/apache/maven/resolver/maven-resolver-connector-basic/1.6.2/maven-resolver-connector-basic-1.6.2.jar:/home/runner/.m2/repository/org/apache/maven/resolver/maven-resolver-transport-wagon/1.6.2/maven-resolver-transport-wagon-1.6.2.jar:/home/runner/.m2/repository/org/apache/maven/wagon/wagon-http/3.4.3/wagon-http-3.4.3.jar:/home/runner/.m2/repository/org/apache/maven/wagon/wagon-http-shared/3.4.3/wagon-http-shared-3.4.3.jar:/home/runner/.m2/repository/org/jsoup/jsoup/1.12.1/jsoup-1.12.1.jar:/home/runner/.m2/repository/org/apache/maven/wagon/wagon-provider-api/3.4.3/wagon-provider-api-3.4.3.jar:/home/runner/.m2/repository/org/apache/maven/wagon/wagon-file/3.4.3/wagon-file-3.4.3.jar:/home/runner/.m2/repository/io/quarkus/quarkus-bootstrap-gradle-resolver/1.13.7.Final/quarkus-bootstrap-gradle-resolver-1.13.7.Final.jar:/home/runner/.m2/repository/io/smallrye/common/smallrye-common-io/1.5.0/smallrye-common-io-1.5.0.jar:/home/runner/.m2/repository/org/eclipse/sisu/org.eclipse.sisu.inject/0.3.4/org.eclipse.sisu.inject-0.3.4.jar:/home/runner/.m2/repository/io/quarkus/quarkus-test-common/1.13.7.Final/quarkus-test-common-1.13.7.Final.jar:/home/runner/.m2/repository/io/quarkus/quarkus-core-deployment/1.13.7.Final/quarkus-core-deployment-1.13.7.Final.jar:/home/runner/.m2/repository/io/quarkus/gizmo/gizmo/1.0.7.Final/gizmo-1.0.7.Final.jar:/home/runner/.m2/repository/org/ow2/asm/asm-util/9.1/asm-util-9.1.jar:/home/runner/.m2/repository/org/ow2/asm/asm-tree/9.1/asm-tree-9.1.jar:/home/runner/.m2/repository/org/ow2/asm/asm-analysis/9.1/asm-analysis-9.1.jar:/home/runner/.m2/repository/io/quarkus/quarkus-class-change-agent/1.13.7.Final/quarkus-class-change-agent-1.13.7.Final.jar:/home/runner/.m2/repository/io/quarkus/quarkus-devtools-utilities/1.13.7.Final/quarkus-devtools-utilities-1.13.7.Final.jar:/home/runner/.m2/repository/io/quarkus/quarkus-builder/1.13.7.Final/quarkus-builder-1.13.7.Final.jar:/home/runner/.m2/repository/io/quarkus/quarkus-jsonp-deployment/1.13.7.Final/quarkus-jsonp-deployment-1.13.7.Final.jar:/home/runner/.m2/repository/org/jboss/jandex/2.2.3.Final/jandex-2.2.3.Final.jar:/home/runner/.m2/repository/org/junit/jupiter/junit-jupiter/5.7.1/junit-jupiter-5.7.1.jar:/home/runner/.m2/repository/org/junit/jupiter/junit-jupiter-params/5.7.1/junit-jupiter-params-5.7.1.jar:/home/runner/.m2/repository/io/quarkus/quarkus-datasource-deployment-spi/1.13.7.Final/quarkus-datasource-deployment-spi-1.13.7.Final.jar:/home/runner/.m2/repository/io/quarkus/quarkus-arc-deployment/1.13.7.Final/quarkus-arc-deployment-1.13.7.Final.jar:/home/runner/.m2/repository/io/quarkus/quarkus-vertx-http-dev-console-spi/1.13.7.Final/quarkus-vertx-http-dev-console-spi-1.13.7.Final.jar:/home/runner/.m2/repository/io/quarkus/arc/arc-processor/1.13.7.Final/arc-processor-1.13.7.Final.jar:/home/runner/.m2/repository/io/quarkus/quarkus-datasource-common/1.13.7.Final/quarkus-datasource-common-1.13.7.Final.jar:/home/runner/.m2/repository/com/thoughtworks/xstream/xstream/1.4.16/xstream-1.4.16.jar:/home/runner/.m2/repository/io/github/x-stream/mxparser/1.2.1/mxparser-1.2.1.jar:/home/runner/.m2/repository/xmlpull/xmlpull/1.1.3.1/xmlpull-1.1.3.1.jar:/home/runner/.m2/repository/org/jetbrains/kotlin/kotlin-stdlib-jdk8/1.4.32/kotlin-stdlib-jdk8-1.4.32.jar:/home/runner/.m2/repository/org/jetbrains/kotlin/kotlin-stdlib-jdk7/1.4.32/kotlin-stdlib-jdk7-1.4.32.jar:/home/runner/.m2/repository/io/quarkus/quarkus-hibernate-validator/1.13.7.Final/quarkus-hibernate-validator-1.13.7.Final.jar:/home/runner/.m2/repository/org/hibernate/validator/hibernate-validator/6.2.0.Final/hibernate-validator-6.2.0.Final.jar:/home/runner/.m2/repository/com/fasterxml/classmate/1.3.4/classmate-1.3.4.jar:/home/runner/.m2/repository/org/glassfish/jakarta.el/3.0.3/jakarta.el-3.0.3.jar:/home/runner/.m2/repository/io/quarkus/quarkus-kubernetes-client/1.13.7.Final/quarkus-kubernetes-client-1.13.7.Final.jar:/home/runner/.m2/repository/io/quarkus/quarkus-kubernetes-client-internal/1.13.7.Final/quarkus-kubernetes-client-internal-1.13.7.Final.jar:/home/runner/.m2/repository/io/quarkus/quarkus-jackson/1.13.7.Final/quarkus-jackson-1.13.7.Final.jar:/home/runner/.m2/repository/com/fasterxml/jackson/datatype/jackson-datatype-jsr310/2.12.3/jackson-datatype-jsr310-2.12.3.jar:/home/runner/.m2/repository/com/fasterxml/jackson/datatype/jackson-datatype-jdk8/2.12.3/jackson-datatype-jdk8-2.12.3.jar:/home/runner/.m2/repository/com/fasterxml/jackson/module/jackson-module-parameter-names/2.12.3/jackson-module-parameter-names-2.12.3.jar:/home/runner/.m2/repository/io/fabric8/kubernetes-client/5.3.1/kubernetes-client-5.3.1.jar:/home/runner/.m2/repository/io/fabric8/kubernetes-model-core/5.3.1/kubernetes-model-core-5.3.1.jar:/home/runner/.m2/repository/io/fabric8/kubernetes-model-common/5.3.1/kubernetes-model-common-5.3.1.jar:/home/runner/.m2/repository/io/fabric8/kubernetes-model-rbac/5.3.1/kubernetes-model-rbac-5.3.1.jar:/home/runner/.m2/repository/io/fabric8/kubernetes-model-admissionregistration/5.3.1/kubernetes-model-admissionregistration-5.3.1.jar:/home/runner/.m2/repository/io/fabric8/kubernetes-model-apps/5.3.1/kubernetes-model-apps-5.3.1.jar:/home/runner/.m2/repository/io/fabric8/kubernetes-model-autoscaling/5.3.1/kubernetes-model-autoscaling-5.3.1.jar:/home/runner/.m2/repository/io/fabric8/kubernetes-model-apiextensions/5.3.1/kubernetes-model-apiextensions-5.3.1.jar:/home/runner/.m2/repository/io/fabric8/kubernetes-model-batch/5.3.1/kubernetes-model-batch-5.3.1.jar:/home/runner/.m2/repository/io/fabric8/kubernetes-model-certificates/5.3.1/kubernetes-model-certificates-5.3.1.jar:/home/runner/.m2/repository/io/fabric8/kubernetes-model-coordination/5.3.1/kubernetes-model-coordination-5.3.1.jar:/home/runner/.m2/repository/io/fabric8/kubernetes-model-discovery/5.3.1/kubernetes-model-discovery-5.3.1.jar:/home/runner/.m2/repository/io/fabric8/kubernetes-model-events/5.3.1/kubernetes-model-events-5.3.1.jar:/home/runner/.m2/repository/io/fabric8/kubernetes-model-extensions/5.3.1/kubernetes-model-extensions-5.3.1.jar:/home/runner/.m2/repository/io/fabric8/kubernetes-model-networking/5.3.1/kubernetes-model-networking-5.3.1.jar:/home/runner/.m2/repository/io/fabric8/kubernetes-model-metrics/5.3.1/kubernetes-model-metrics-5.3.1.jar:/home/runner/.m2/repository/io/fabric8/kubernetes-model-policy/5.3.1/kubernetes-model-policy-5.3.1.jar:/home/runner/.m2/repository/io/fabric8/kubernetes-model-scheduling/5.3.1/kubernetes-model-scheduling-5.3.1.jar:/home/runner/.m2/repository/io/fabric8/kubernetes-model-storageclass/5.3.1/kubernetes-model-storageclass-5.3.1.jar:/home/runner/.m2/repository/io/fabric8/kubernetes-model-node/5.3.1/kubernetes-model-node-5.3.1.jar:/home/runner/.m2/repository/com/squareup/okhttp3/okhttp/3.14.9/okhttp-3.14.9.jar:/home/runner/.m2/repository/com/squareup/okio/okio/1.17.2/okio-1.17.2.jar:/home/runner/.m2/repository/com/squareup/okhttp3/logging-interceptor/3.14.9/logging-interceptor-3.14.9.jar:/home/runner/.m2/repository/com/fasterxml/jackson/dataformat/jackson-dataformat-yaml/2.12.3/jackson-dataformat-yaml-2.12.3.jar:/home/runner/.m2/repository/io/fabric8/zjsonpatch/0.3.0/zjsonpatch-0.3.0.jar:/home/runner/.m2/repository/com/github/mifmif/generex/1.0.2/generex-1.0.2.jar:/home/runner/.m2/repository/dk/brics/automaton/automaton/1.11-8/automaton-1.11-8.jar:/home/runner/.m2/repository/org/apache/commons/commons-compress/1.20/commons-compress-1.20.jar:/home/runner/.m2/repository/jakarta/annotation/jakarta.annotation-api/1.3.5/jakarta.annotation-api-1.3.5.jar:/home/runner/.m2/repository/org/jboss/spec/javax/xml/bind/jboss-jaxb-api_2.3_spec/2.0.0.Final/jboss-jaxb-api_2.3_spec-2.0.0.Final.jar:/home/runner/.m2/repository/io/smallrye/config/smallrye-config-source-yaml/1.13.1/smallrye-config-source-yaml-1.13.1.jar:/home/runner/.m2/repository/io/smallrye/config/smallrye-config-common/1.13.1/smallrye-config-common-1.13.1.jar:/home/runner/.m2/repository/io/smallrye/common/smallrye-common-constraint/1.5.0/smallrye-common-constraint-1.5.0.jar:/home/runner/.m2/repository/org/yaml/snakeyaml/1.29/snakeyaml-1.29.jar:/home/runner/.m2/repository/io/quarkus/quarkus-jsonb/1.13.7.Final/quarkus-jsonb-1.13.7.Final.jar:/home/runner/.m2/repository/org/eclipse/yasson/1.0.9/yasson-1.0.9.jar:/home/runner/.m2/repository/io/quarkus/quarkus-jsonp/1.13.7.Final/quarkus-jsonp-1.13.7.Final.jar:/home/runner/.m2/repository/org/glassfish/jakarta.json/1.1.6/jakarta.json-1.1.6.jar:/home/runner/.m2/repository/io/quarkus/quarkus-hibernate-orm-panache/1.13.7.Final/quarkus-hibernate-orm-panache-1.13.7.Final.jar:/home/runner/.m2/repository/io/quarkus/quarkus-hibernate-orm/1.13.7.Final/quarkus-hibernate-orm-1.13.7.Final.jar:/home/runner/.m2/repository/io/quarkus/quarkus-agroal/1.13.7.Final/quarkus-agroal-1.13.7.Final.jar:/home/runner/.m2/repository/io/quarkus/quarkus-datasource/1.13.7.Final/quarkus-datasource-1.13.7.Final.jar:/home/runner/.m2/repository/org/jboss/narayana/jta/narayana-jta/5.10.6.Final/narayana-jta-5.10.6.Final.jar:/home/runner/.m2/repository/org/jboss/jboss-transaction-spi/7.6.0.Final/jboss-transaction-spi-7.6.0.Final.jar:/home/runner/.m2/repository/org/jboss/spec/javax/resource/jboss-connector-api_1.7_spec/1.0.0.Final/jboss-connector-api_1.7_spec-1.0.0.Final.jar:/home/runner/.m2/repository/org/jboss/narayana/jts/narayana-jts-integration/5.10.6.Final/narayana-jts-integration-5.10.6.Final.jar:/home/runner/.m2/repository/io/agroal/agroal-api/1.11/agroal-api-1.11.jar:/home/runner/.m2/repository/io/agroal/agroal-narayana/1.11/agroal-narayana-1.11.jar:/home/runner/.m2/repository/io/agroal/agroal-pool/1.11/agroal-pool-1.11.jar:/home/runner/.m2/repository/io/quarkus/quarkus-credentials/1.13.7.Final/quarkus-credentials-1.13.7.Final.jar:/home/runner/.m2/repository/io/quarkus/quarkus-narayana-jta/1.13.7.Final/quarkus-narayana-jta-1.13.7.Final.jar:/home/runner/.m2/repository/io/quarkus/quarkus-mutiny/1.13.7.Final/quarkus-mutiny-1.13.7.Final.jar:/home/runner/.m2/repository/io/quarkus/quarkus-smallrye-context-propagation/1.13.7.Final/quarkus-smallrye-context-propagation-1.13.7.Final.jar:/home/runner/.m2/repository/io/smallrye/smallrye-context-propagation/1.1.0/smallrye-context-propagation-1.1.0.jar:/home/runner/.m2/repository/io/smallrye/smallrye-context-propagation-api/1.1.0/smallrye-context-propagation-api-1.1.0.jar:/home/runner/.m2/repository/io/smallrye/smallrye-context-propagation-storage/1.1.0/smallrye-context-propagation-storage-1.1.0.jar:/home/runner/.m2/repository/io/smallrye/reactive/mutiny-smallrye-context-propagation/0.14.0/mutiny-smallrye-context-propagation-0.14.0.jar:/home/runner/.m2/repository/io/smallrye/smallrye-context-propagation-jta/1.1.0/smallrye-context-propagation-jta-1.1.0.jar:/home/runner/.m2/repository/io/smallrye/reactive/smallrye-reactive-converter-api/1.4.0/smallrye-reactive-converter-api-1.4.0.jar:/home/runner/.m2/repository/io/smallrye/reactive/smallrye-reactive-converter-mutiny/1.4.0/smallrye-reactive-converter-mutiny-1.4.0.jar:/home/runner/.m2/repository/org/hibernate/hibernate-core/5.4.29.Final/hibernate-core-5.4.29.Final.jar:/home/runner/.m2/repository/net/bytebuddy/byte-buddy/1.10.21/byte-buddy-1.10.21.jar:/home/runner/.m2/repository/antlr/antlr/2.7.7/antlr-2.7.7.jar:/home/runner/.m2/repository/org/dom4j/dom4j/2.1.3/dom4j-2.1.3.jar:/home/runner/.m2/repository/org/hibernate/common/hibernate-commons-annotations/5.1.2.Final/hibernate-commons-annotations-5.1.2.Final.jar:/home/runner/.m2/repository/org/hibernate/hibernate-graalvm/5.4.29.Final/hibernate-graalvm-5.4.29.Final.jar:/home/runner/.m2/repository/org/glassfish/jaxb/jaxb-runtime/2.3.3-b02/jaxb-runtime-2.3.3-b02.jar:/home/runner/.m2/repository/org/glassfish/jaxb/txw2/2.3.3-b02/txw2-2.3.3-b02.jar:/home/runner/.m2/repository/com/sun/istack/istack-commons-runtime/3.0.10/istack-commons-runtime-3.0.10.jar:/home/runner/.m2/repository/jakarta/persistence/jakarta.persistence-api/2.2.3/jakarta.persistence-api-2.2.3.jar:/home/runner/.m2/repository/org/hibernate/quarkus-local-cache/0.1.0/quarkus-local-cache-0.1.0.jar:/home/runner/.m2/repository/com/github/ben-manes/caffeine/caffeine/2.9.0/caffeine-2.9.0.jar:/home/runner/.m2/repository/io/quarkus/quarkus-caffeine/1.13.7.Final/quarkus-caffeine-1.13.7.Final.jar:/home/runner/.m2/repository/io/quarkus/quarkus-hibernate-orm-panache-common/1.13.7.Final/quarkus-hibernate-orm-panache-common-1.13.7.Final.jar:/home/runner/.m2/repository/io/quarkus/quarkus-panache-hibernate-common/1.13.7.Final/quarkus-panache-hibernate-common-1.13.7.Final.jar:/home/runner/.m2/repository/io/quarkus/quarkus-panache-common/1.13.7.Final/quarkus-panache-common-1.13.7.Final.jar:/home/runner/.m2/repository/io/quarkus/quarkus-jdbc-postgresql/1.13.7.Final/quarkus-jdbc-postgresql-1.13.7.Final.jar:/home/runner/.m2/repository/io/quarkus/quarkus-keycloak-authorization/1.13.7.Final/quarkus-keycloak-authorization-1.13.7.Final.jar:/home/runner/.m2/repository/io/quarkus/quarkus-oidc/1.13.7.Final/quarkus-oidc-1.13.7.Final.jar:/home/runner/.m2/repository/io/quarkus/quarkus-oidc-common/1.13.7.Final/quarkus-oidc-common-1.13.7.Final.jar:/home/runner/.m2/repository/io/smallrye/reactive/smallrye-mutiny-vertx-web-client/1.5.0/smallrye-mutiny-vertx-web-client-1.5.0.jar:/home/runner/.m2/repository/io/vertx/vertx-web-client/3.9.6/vertx-web-client-3.9.6.jar:/home/runner/.m2/repository/io/smallrye/reactive/smallrye-mutiny-vertx-core/1.5.0/smallrye-mutiny-vertx-core-1.5.0.jar:/home/runner/.m2/repository/io/smallrye/reactive/smallrye-mutiny-vertx-runtime/1.5.0/smallrye-mutiny-vertx-runtime-1.5.0.jar:/home/runner/.m2/repository/io/smallrye/reactive/vertx-mutiny-generator/1.5.0/vertx-mutiny-generator-1.5.0.jar:/home/runner/.m2/repository/io/vertx/vertx-codegen/3.9.6/vertx-codegen-3.9.6.jar:/home/runner/.m2/repository/org/mvel/mvel2/2.4.12.Final/mvel2-2.4.12.Final.jar:/home/runner/.m2/repository/io/smallrye/reactive/smallrye-mutiny-vertx-web-common/1.5.0/smallrye-mutiny-vertx-web-common-1.5.0.jar:/home/runner/.m2/repository/io/quarkus/quarkus-smallrye-jwt-build/1.13.7.Final/quarkus-smallrye-jwt-build-1.13.7.Final.jar:/home/runner/.m2/repository/io/smallrye/smallrye-jwt-build/2.4.4/smallrye-jwt-build-2.4.4.jar:/home/runner/.m2/repository/io/smallrye/smallrye-jwt/2.4.4/smallrye-jwt-2.4.4.jar:/home/runner/.m2/repository/org/eclipse/microprofile/jwt/microprofile-jwt-auth-api/1.1.1/microprofile-jwt-auth-api-1.1.1.jar:/home/runner/.m2/repository/org/bitbucket/b_c/jose4j/0.7.6/jose4j-0.7.6.jar:/home/runner/.m2/repository/io/smallrye/smallrye-jwt-common/2.4.4/smallrye-jwt-common-2.4.4.jar:/home/runner/.m2/repository/org/keycloak/keycloak-adapter-core/12.0.4/keycloak-adapter-core-12.0.4.jar:/home/runner/.m2/repository/org/keycloak/keycloak-core/12.0.4/keycloak-core-12.0.4.jar:/home/runner/.m2/repository/org/keycloak/keycloak-common/12.0.4/keycloak-common-12.0.4.jar:/home/runner/.m2/repository/org/bouncycastle/bcprov-jdk15on/1.68/bcprov-jdk15on-1.68.jar:/home/runner/.m2/repository/org/bouncycastle/bcpkix-jdk15on/1.68/bcpkix-jdk15on-1.68.jar:/home/runner/.m2/repository/org/keycloak/keycloak-adapter-spi/12.0.4/keycloak-adapter-spi-12.0.4.jar:/home/runner/.m2/repository/org/keycloak/keycloak-authz-client/12.0.4/keycloak-authz-client-12.0.4.jar:/home/runner/.m2/repository/org/jboss/logging/commons-logging-jboss-logging/1.0.0.Final/commons-logging-jboss-logging-1.0.0.Final.jar:/home/runner/.m2/repository/io/quarkus/quarkus-rest-client/1.13.7.Final/quarkus-rest-client-1.13.7.Final.jar:/home/runner/.m2/repository/io/quarkus/quarkus-resteasy-common/1.13.7.Final/quarkus-resteasy-common-1.13.7.Final.jar:/home/runner/.m2/repository/org/jboss/resteasy/resteasy-core/4.5.12.Final/resteasy-core-4.5.12.Final.jar:/home/runner/.m2/repository/org/jboss/spec/javax/ws/rs/jboss-jaxrs-api_2.1_spec/2.0.1.Final/jboss-jaxrs-api_2.1_spec-2.0.1.Final.jar:/home/runner/.m2/repository/org/jboss/resteasy/resteasy-core-spi/4.5.12.Final/resteasy-core-spi-4.5.12.Final.jar:/home/runner/.m2/repository/org/reactivestreams/reactive-streams/1.0.3/reactive-streams-1.0.3.jar:/home/runner/.m2/repository/com/ibm/async/asyncutil/0.1.0/asyncutil-0.1.0.jar:/home/runner/.m2/repository/com/sun/activation/jakarta.activation/1.2.1/jakarta.activation-1.2.1.jar:/home/runner/.m2/repository/org/jboss/resteasy/resteasy-client-microprofile/4.5.12.Final/resteasy-client-microprofile-4.5.12.Final.jar:/home/runner/.m2/repository/org/jboss/resteasy/resteasy-client/4.5.12.Final/resteasy-client-4.5.12.Final.jar:/home/runner/.m2/repository/org/jboss/resteasy/resteasy-client-api/4.5.12.Final/resteasy-client-api-4.5.12.Final.jar:/home/runner/.m2/repository/org/eclipse/microprofile/rest/client/microprofile-rest-client-api/1.4.1/microprofile-rest-client-api-1.4.1.jar:/home/runner/.m2/repository/jakarta/interceptor/jakarta.interceptor-api/1.2.5/jakarta.interceptor-api-1.2.5.jar:/home/runner/.m2/repository/org/apache/httpcomponents/httpasyncclient/4.1.4/httpasyncclient-4.1.4.jar:/home/runner/.m2/repository/org/apache/httpcomponents/httpcore/4.4.14/httpcore-4.4.14.jar:/home/runner/.m2/repository/org/apache/httpcomponents/httpcore-nio/4.4.14/httpcore-nio-4.4.14.jar:/home/runner/.m2/repository/io/quarkus/quarkus-smallrye-openapi/1.13.7.Final/quarkus-smallrye-openapi-1.13.7.Final.jar:/home/runner/.m2/repository/io/smallrye/smallrye-open-api-core/2.0.26/smallrye-open-api-core-2.0.26.jar:/home/runner/.m2/repository/org/eclipse/microprofile/openapi/microprofile-openapi-api/1.1.3-RC1/microprofile-openapi-api-1.1.3-RC1.jar:/home/runner/.m2/repository/org/eclipse/microprofile/config/microprofile-config-api/1.4/microprofile-config-api-1.4.jar:/home/runner/.m2/repository/io/quarkus/quarkus-swagger-ui/1.13.7.Final/quarkus-swagger-ui-1.13.7.Final.jar:/home/runner/.m2/repository/com/intuit/karate/karate-junit5/1.0.1/karate-junit5-1.0.1.jar:/home/runner/.m2/repository/com/intuit/karate/karate-core/1.0.1/karate-core-1.0.1.jar:/home/runner/.m2/repository/org/graalvm/js/js-scriptengine/21.0.0/js-scriptengine-21.0.0.jar:/home/runner/.m2/repository/org/graalvm/js/js/21.0.0.2/js-21.0.0.2.jar:/home/runner/.m2/repository/org/graalvm/regex/regex/21.0.0.2/regex-21.0.0.2.jar:/home/runner/.m2/repository/org/graalvm/truffle/truffle-api/21.0.0.2/truffle-api-21.0.0.2.jar:/home/runner/.m2/repository/com/ibm/icu/icu4j/67.1/icu4j-67.1.jar:/home/runner/.m2/repository/ch/qos/logback/logback-classic/1.2.3/logback-classic-1.2.3.jar:/home/runner/.m2/repository/ch/qos/logback/logback-core/1.2.3/logback-core-1.2.3.jar:/home/runner/.m2/repository/org/slf4j/jcl-over-slf4j/1.7.30/jcl-over-slf4j-1.7.30.jar:/home/runner/.m2/repository/info/cukes/cucumber-java/1.2.5/cucumber-java-1.2.5.jar:/home/runner/.m2/repository/info/cukes/cucumber-core/1.2.5/cucumber-core-1.2.5.jar:/home/runner/.m2/repository/de/siegmar/fastcsv/1.0.4/fastcsv-1.0.4.jar:/home/runner/.m2/repository/info/picocli/picocli/4.6.1/picocli-4.6.1.jar:/home/runner/.m2/repository/org/junit/jupiter/junit-jupiter-api/5.7.1/junit-jupiter-api-5.7.1.jar:/home/runner/.m2/repository/org/apiguardian/apiguardian-api/1.1.0/apiguardian-api-1.1.0.jar:/home/runner/.m2/repository/org/opentest4j/opentest4j/1.2.0/opentest4j-1.2.0.jar:/home/runner/.m2/repository/org/junit/platform/junit-platform-commons/1.7.1/junit-platform-commons-1.7.1.jar:/home/runner/.m2/repository/org/junit/jupiter/junit-jupiter-engine/5.7.1/junit-jupiter-engine-5.7.1.jar:/home/runner/.m2/repository/org/junit/platform/junit-platform-engine/1.7.1/junit-platform-engine-1.7.1.jar:/home/runner/.m2/repository/org/testcontainers/testcontainers/1.15.3/testcontainers-1.15.3.jar:/home/runner/.m2/repository/junit/junit/4.13.1/junit-4.13.1.jar:/home/runner/.m2/repository/org/hamcrest/hamcrest-core/1.3/hamcrest-core-1.3.jar:/home/runner/.m2/repository/org/slf4j/slf4j-api/1.7.30/slf4j-api-1.7.30.jar:/home/runner/.m2/repository/org/rnorth/duct-tape/duct-tape/1.0.8/duct-tape-1.0.8.jar:/home/runner/.m2/repository/org/rnorth/visible-assertions/visible-assertions/2.1.2/visible-assertions-2.1.2.jar:/home/runner/.m2/repository/net/java/dev/jna/jna/5.3.1/jna-5.3.1.jar:/home/runner/.m2/repository/com/github/docker-java/docker-java-api/3.2.8/docker-java-api-3.2.8.jar:/home/runner/.m2/repository/com/github/docker-java/docker-java-transport-zerodep/3.2.8/docker-java-transport-zerodep-3.2.8.jar:/home/runner/.m2/repository/com/github/docker-java/docker-java-transport/3.2.8/docker-java-transport-3.2.8.jar:/home/runner/.m2/repository/org/testcontainers/postgresql/1.15.3/postgresql-1.15.3.jar:/home/runner/.m2/repository/org/testcontainers/jdbc/1.15.2/jdbc-1.15.2.jar:/home/runner/.m2/repository/org/testcontainers/database-commons/1.15.2/database-commons-1.15.2.jar:/home/runner/.m2/repository/org/testcontainers/mongodb/1.15.3/mongodb-1.15.3.jar:/home/runner/.m2/repository/io/quarkus/quarkus-test-security/1.13.7.Final/quarkus-test-security-1.13.7.Final.jar:/home/runner/.m2/repository/io/quarkus/quarkus-security/1.13.7.Final/quarkus-security-1.13.7.Final.jar:/home/runner/.m2/repository/org/postgresql/postgresql/42.2.18/postgresql-42.2.18.jar:/home/runner/.m2/repository/io/quarkus/quarkus-test-kubernetes-client/1.13.7.Final/quarkus-test-kubernetes-client-1.13.7.Final.jar:/home/runner/.m2/repository/io/fabric8/kubernetes-server-mock/5.3.1/kubernetes-server-mock-5.3.1.jar:/home/runner/.m2/repository/io/fabric8/mockwebserver/0.1.8/mockwebserver-0.1.8.jar:/home/runner/.m2/repository/com/squareup/okhttp3/mockwebserver/3.12.6/mockwebserver-3.12.6.jar:/home/runner/.m2/repository/com/github/tomakehurst/wiremock-jre8/2.28.1/wiremock-jre8-2.28.1.jar:/home/runner/.m2/repository/org/eclipse/jetty/jetty-server/9.4.36.v20210114/jetty-server-9.4.36.v20210114.jar:/home/runner/.m2/repository/javax/servlet/javax.servlet-api/3.1.0/javax.servlet-api-3.1.0.jar:/home/runner/.m2/repository/org/eclipse/jetty/jetty-http/9.4.36.v20210114/jetty-http-9.4.36.v20210114.jar:/home/runner/.m2/repository/org/eclipse/jetty/jetty-io/9.4.36.v20210114/jetty-io-9.4.36.v20210114.jar:/home/runner/.m2/repository/org/eclipse/jetty/jetty-servlet/9.4.36.v20210114/jetty-servlet-9.4.36.v20210114.jar:/home/runner/.m2/repository/org/eclipse/jetty/jetty-security/9.4.36.v20210114/jetty-security-9.4.36.v20210114.jar:/home/runner/.m2/repository/org/eclipse/jetty/jetty-util-ajax/9.4.36.v20210114/jetty-util-ajax-9.4.36.v20210114.jar:/home/runner/.m2/repository/org/eclipse/jetty/jetty-servlets/9.4.36.v20210114/jetty-servlets-9.4.36.v20210114.jar:/home/runner/.m2/repository/org/eclipse/jetty/jetty-continuation/9.4.36.v20210114/jetty-continuation-9.4.36.v20210114.jar:/home/runner/.m2/repository/org/eclipse/jetty/jetty-util/9.4.36.v20210114/jetty-util-9.4.36.v20210114.jar:/home/runner/.m2/repository/org/eclipse/jetty/jetty-webapp/9.4.36.v20210114/jetty-webapp-9.4.36.v20210114.jar:/home/runner/.m2/repository/org/eclipse/jetty/jetty-xml/9.4.36.v20210114/jetty-xml-9.4.36.v20210114.jar:/home/runner/.m2/repository/org/eclipse/jetty/jetty-proxy/9.4.36.v20210114/jetty-proxy-9.4.36.v20210114.jar:/home/runner/.m2/repository/org/eclipse/jetty/jetty-client/9.4.36.v20210114/jetty-client-9.4.36.v20210114.jar:/home/runner/.m2/repository/org/eclipse/jetty/http2/http2-server/9.4.36.v20210114/http2-server-9.4.36.v20210114.jar:/home/runner/.m2/repository/org/eclipse/jetty/http2/http2-common/9.4.36.v20210114/http2-common-9.4.36.v20210114.jar:/home/runner/.m2/repository/org/eclipse/jetty/http2/http2-hpack/9.4.36.v20210114/http2-hpack-9.4.36.v20210114.jar:/home/runner/.m2/repository/org/eclipse/jetty/jetty-alpn-server/9.4.36.v20210114/jetty-alpn-server-9.4.36.v20210114.jar:/home/runner/.m2/repository/org/eclipse/jetty/jetty-alpn-conscrypt-server/9.4.36.v20210114/jetty-alpn-conscrypt-server-9.4.36.v20210114.jar:/home/runner/.m2/repository/org/eclipse/jetty/jetty-alpn-conscrypt-client/9.4.36.v20210114/jetty-alpn-conscrypt-client-9.4.36.v20210114.jar:/home/runner/.m2/repository/org/eclipse/jetty/jetty-alpn-client/9.4.36.v20210114/jetty-alpn-client-9.4.36.v20210114.jar:/home/runner/.m2/repository/org/conscrypt/conscrypt-openjdk-uber/2.5.2/conscrypt-openjdk-uber-2.5.2.jar:/home/runner/.m2/repository/com/google/guava/guava/30.1-jre/guava-30.1-jre.jar:/home/runner/.m2/repository/com/google/guava/failureaccess/1.0.1/failureaccess-1.0.1.jar:/home/runner/.m2/repository/com/google/guava/listenablefuture/9999.0-empty-to-avoid-conflict-with-guava/listenablefuture-9999.0-empty-to-avoid-conflict-with-guava.jar:/home/runner/.m2/repository/com/google/code/findbugs/jsr305/3.0.2/jsr305-3.0.2.jar:/home/runner/.m2/repository/org/checkerframework/checker-qual/2.5.2/checker-qual-2.5.2.jar:/home/runner/.m2/repository/com/google/errorprone/error_prone_annotations/2.2.0/error_prone_annotations-2.2.0.jar:/home/runner/.m2/repository/com/google/j2objc/j2objc-annotations/1.3/j2objc-annotations-1.3.jar:/home/runner/.m2/repository/com/fasterxml/jackson/core/jackson-core/2.12.3/jackson-core-2.12.3.jar:/home/runner/.m2/repository/com/fasterxml/jackson/core/jackson-annotations/2.12.3/jackson-annotations-2.12.3.jar:/home/runner/.m2/repository/com/fasterxml/jackson/core/jackson-databind/2.12.3/jackson-databind-2.12.3.jar:/home/runner/.m2/repository/org/apache/httpcomponents/httpclient/4.5.13/httpclient-4.5.13.jar:/home/runner/.m2/repository/commons-logging/commons-logging/1.2/commons-logging-1.2.jar:/home/runner/.m2/repository/commons-codec/commons-codec/1.14/commons-codec-1.14.jar:/home/runner/.m2/repository/org/xmlunit/xmlunit-core/2.8.2/xmlunit-core-2.8.2.jar:/home/runner/.m2/repository/jakarta/xml/bind/jakarta.xml.bind-api/2.3.3/jakarta.xml.bind-api-2.3.3.jar:/home/runner/.m2/repository/jakarta/activation/jakarta.activation-api/1.2.1/jakarta.activation-api-1.2.1.jar:/home/runner/.m2/repository/org/xmlunit/xmlunit-legacy/2.8.2/xmlunit-legacy-2.8.2.jar:/home/runner/.m2/repository/org/xmlunit/xmlunit-placeholders/2.8.2/xmlunit-placeholders-2.8.2.jar:/home/runner/.m2/repository/net/javacrumbs/json-unit/json-unit-core/2.26.0/json-unit-core-2.26.0.jar:/home/runner/.m2/repository/com/jayway/jsonpath/json-path/2.6.0/json-path-2.6.0.jar:/home/runner/.m2/repository/net/minidev/json-smart/2.3/json-smart-2.3.jar:/home/runner/.m2/repository/net/minidev/accessors-smart/1.2/accessors-smart-1.2.jar:/home/runner/.m2/repository/org/ow2/asm/asm/9.1/asm-9.1.jar:/home/runner/.m2/repository/net/sf/jopt-simple/jopt-simple/5.0.4/jopt-simple-5.0.4.jar:/home/runner/.m2/repository/org/apache/commons/commons-lang3/3.12.0/commons-lang3-3.12.0.jar:/home/runner/.m2/repository/com/github/jknack/handlebars/4.2.0/handlebars-4.2.0.jar:/home/runner/.m2/repository/com/github/jknack/handlebars-helpers/4.2.0/handlebars-helpers-4.2.0.jar:/home/runner/.m2/repository/commons-fileupload/commons-fileupload/1.4/commons-fileupload-1.4.jar:/home/runner/.m2/repository/io/quarkus/quarkus-elytron-security-properties-file/1.13.7.Final/quarkus-elytron-security-properties-file-1.13.7.Final.jar:/home/runner/.m2/repository/io/quarkus/quarkus-elytron-security/1.13.7.Final/quarkus-elytron-security-1.13.7.Final.jar:/home/runner/.m2/repository/io/quarkus/quarkus-elytron-security-common/1.13.7.Final/quarkus-elytron-security-common-1.13.7.Final.jar:/home/runner/.m2/repository/org/wildfly/security/wildfly-elytron-auth-server/1.15.1.Final/wildfly-elytron-auth-server-1.15.1.Final.jar:/home/runner/.m2/repository/org/wildfly/security/wildfly-elytron-auth/1.15.1.Final/wildfly-elytron-auth-1.15.1.Final.jar:/home/runner/.m2/repository/org/wildfly/security/wildfly-elytron-base/1.15.1.Final/wildfly-elytron-base-1.15.1.Final.jar:/home/runner/.m2/repository/org/wildfly/security/wildfly-elytron-credential/1.15.1.Final/wildfly-elytron-credential-1.15.1.Final.jar:/home/runner/.m2/repository/org/wildfly/security/wildfly-elytron-asn1/1.15.1.Final/wildfly-elytron-asn1-1.15.1.Final.jar:/home/runner/.m2/repository/org/wildfly/security/wildfly-elytron-keystore/1.15.1.Final/wildfly-elytron-keystore-1.15.1.Final.jar:/home/runner/.m2/repository/org/wildfly/security/wildfly-elytron-provider-util/1.15.1.Final/wildfly-elytron-provider-util-1.15.1.Final.jar:/home/runner/.m2/repository/org/wildfly/security/wildfly-elytron-permission/1.15.1.Final/wildfly-elytron-permission-1.15.1.Final.jar:/home/runner/.m2/repository/org/wildfly/security/wildfly-elytron-util/1.15.1.Final/wildfly-elytron-util-1.15.1.Final.jar:/home/runner/.m2/repository/org/wildfly/security/wildfly-elytron-x500/1.15.1.Final/wildfly-elytron-x500-1.15.1.Final.jar:/home/runner/.m2/repository/org/wildfly/security/wildfly-elytron-password-impl/1.15.1.Final/wildfly-elytron-password-impl-1.15.1.Final.jar:/home/runner/.m2/repository/org/wildfly/security/wildfly-elytron-realm/1.15.1.Final/wildfly-elytron-realm-1.15.1.Final.jar:/home/runner/.m2/repository/io/quarkus/security/quarkus-security/1.1.4.Final/quarkus-security-1.1.4.Final.jar:/home/runner/.m2/repository/io/smallrye/reactive/mutiny/0.14.0/mutiny-0.14.0.jar:/home/runner/.m2/repository/jakarta/enterprise/jakarta.enterprise.cdi-api/2.0.2/jakarta.enterprise.cdi-api-2.0.2.jar:/home/runner/.m2/repository/jakarta/el/jakarta.el-api/3.0.3/jakarta.el-api-3.0.3.jar:/home/runner/.m2/repository/jakarta/security/jacc/jakarta.security.jacc-api/1.6.1/jakarta.security.jacc-api-1.6.1.jar:/home/runner/.m2/repository/jakarta/servlet/jakarta.servlet-api/4.0.3/jakarta.servlet-api-4.0.3.jar:/home/runner/.m2/repository/jakarta/security/auth/message/jakarta.security.auth.message-api/1.1.3/jakarta.security.auth.message-api-1.1.3.jar:/home/runner/.m2/repository/io/quarkus/quarkus-container-image-jib/1.13.7.Final/quarkus-container-image-jib-1.13.7.Final.jar:/home/runner/.m2/repository/io/quarkus/quarkus-container-image/1.13.7.Final/quarkus-container-image-1.13.7.Final.jar:"/>
    <property name="java.vm.vendor" value="Azul Systems, Inc."/>
    <property name="sun.arch.data.model" value="64"/>
    <property name="java.vendor.url" value="http://www.azul.com/"/>
    <property name="user.timezone" value=""/>
    <property name="java.vm.specification.version" value="11"/>
    <property name="os.name" value="Linux"/>
    <property name="sun.java.launcher" value="SUN_STANDARD"/>
    <property name="sun.boot.library.path" value="/opt/hostedtoolcache/jdk/11.0.13/x64/lib"/>
    <property name="sun.java.command" value="/home/runner/work/beeyond/beeyond/backend-beeyond/target/surefire/surefirebooter13336925562422590645.jar /home/runner/work/beeyond/beeyond/backend-beeyond/target/surefire 2021-11-15T20-34-06_922-jvmRun1 surefire17608591474107672887tmp surefire_011594910442014738490tmp"/>
    <property name="jdk.debug" value="release"/>
    <property name="maven.home" value="/home/runner/.m2/wrapper/dists/apache-maven-3.6.3-bin/1iopthnavndlasol9gbrbg6bf2/apache-maven-3.6.3"/>
    <property name="surefire.test.class.path" value="/home/runner/work/beeyond/beeyond/backend-beeyond/target/test-classes:/home/runner/work/beeyond/beeyond/backend-beeyond/target/classes:/home/runner/.m2/repository/io/quarkus/quarkus-resteasy-jsonb/1.13.7.Final/quarkus-resteasy-jsonb-1.13.7.Final.jar:/home/runner/.m2/repository/org/jboss/resteasy/resteasy-json-binding-provider/4.5.12.Final/resteasy-json-binding-provider-4.5.12.Final.jar:/home/runner/.m2/repository/jakarta/json/bind/jakarta.json.bind-api/1.0.2/jakarta.json.bind-api-1.0.2.jar:/home/runner/.m2/repository/org/jboss/logging/jboss-logging/3.4.1.Final/jboss-logging-3.4.1.Final.jar:/home/runner/.m2/repository/org/jboss/resteasy/resteasy-json-p-provider/4.5.12.Final/resteasy-json-p-provider-4.5.12.Final.jar:/home/runner/.m2/repository/commons-io/commons-io/2.8.0/commons-io-2.8.0.jar:/home/runner/.m2/repository/io/quarkus/quarkus-kotlin/1.13.7.Final/quarkus-kotlin-1.13.7.Final.jar:/home/runner/.m2/repository/io/quarkus/quarkus-core/1.13.7.Final/quarkus-core-1.13.7.Final.jar:/home/runner/.m2/repository/jakarta/inject/jakarta.inject-api/1.0/jakarta.inject-api-1.0.jar:/home/runner/.m2/repository/io/quarkus/quarkus-ide-launcher/1.13.7.Final/quarkus-ide-launcher-1.13.7.Final.jar:/home/runner/.m2/repository/io/quarkus/quarkus-development-mode-spi/1.13.7.Final/quarkus-development-mode-spi-1.13.7.Final.jar:/home/runner/.m2/repository/io/smallrye/config/smallrye-config/1.13.1/smallrye-config-1.13.1.jar:/home/runner/.m2/repository/io/smallrye/common/smallrye-common-annotation/1.5.0/smallrye-common-annotation-1.5.0.jar:/home/runner/.m2/repository/io/smallrye/common/smallrye-common-expression/1.5.0/smallrye-common-expression-1.5.0.jar:/home/runner/.m2/repository/io/smallrye/common/smallrye-common-function/1.5.0/smallrye-common-function-1.5.0.jar:/home/runner/.m2/repository/io/smallrye/common/smallrye-common-classloader/1.5.0/smallrye-common-classloader-1.5.0.jar:/home/runner/.m2/repository/org/jboss/logmanager/jboss-logmanager-embedded/1.0.9/jboss-logmanager-embedded-1.0.9.jar:/home/runner/.m2/repository/org/jboss/logging/jboss-logging-annotations/2.2.0.Final/jboss-logging-annotations-2.2.0.Final.jar:/home/runner/.m2/repository/org/jboss/threads/jboss-threads/3.2.0.Final/jboss-threads-3.2.0.Final.jar:/home/runner/.m2/repository/org/jboss/slf4j/slf4j-jboss-logmanager/1.1.0.Final/slf4j-jboss-logmanager-1.1.0.Final.jar:/home/runner/.m2/repository/org/graalvm/sdk/graal-sdk/21.0.0/graal-sdk-21.0.0.jar:/home/runner/.m2/repository/org/wildfly/common/wildfly-common/1.5.4.Final-format-001/wildfly-common-1.5.4.Final-format-001.jar:/home/runner/.m2/repository/io/quarkus/quarkus-bootstrap-runner/1.13.7.Final/quarkus-bootstrap-runner-1.13.7.Final.jar:/home/runner/.m2/repository/org/jetbrains/kotlin/kotlin-stdlib/1.4.32/kotlin-stdlib-1.4.32.jar:/home/runner/.m2/repository/org/jetbrains/kotlin/kotlin-stdlib-common/1.4.32/kotlin-stdlib-common-1.4.32.jar:/home/runner/.m2/repository/org/jetbrains/annotations/13.0/annotations-13.0.jar:/home/runner/.m2/repository/io/quarkus/quarkus-resteasy/1.13.7.Final/quarkus-resteasy-1.13.7.Final.jar:/home/runner/.m2/repository/io/quarkus/quarkus-vertx-http/1.13.7.Final/quarkus-vertx-http-1.13.7.Final.jar:/home/runner/.m2/repository/io/quarkus/quarkus-security-runtime-spi/1.13.7.Final/quarkus-security-runtime-spi-1.13.7.Final.jar:/home/runner/.m2/repository/io/quarkus/quarkus-vertx-http-dev-console-runtime-spi/1.13.7.Final/quarkus-vertx-http-dev-console-runtime-spi-1.13.7.Final.jar:/home/runner/.m2/repository/io/quarkus/quarkus-vertx-core/1.13.7.Final/quarkus-vertx-core-1.13.7.Final.jar:/home/runner/.m2/repository/io/quarkus/quarkus-netty/1.13.7.Final/quarkus-netty-1.13.7.Final.jar:/home/runner/.m2/repository/io/netty/netty-codec/4.1.49.Final/netty-codec-4.1.49.Final.jar:/home/runner/.m2/repository/io/netty/netty-handler/4.1.49.Final/netty-handler-4.1.49.Final.jar:/home/runner/.m2/repository/io/vertx/vertx-core/3.9.6/vertx-core-3.9.6.jar:/home/runner/.m2/repository/io/netty/netty-common/4.1.49.Final/netty-common-4.1.49.Final.jar:/home/runner/.m2/repository/io/netty/netty-buffer/4.1.49.Final/netty-buffer-4.1.49.Final.jar:/home/runner/.m2/repository/io/netty/netty-transport/4.1.49.Final/netty-transport-4.1.49.Final.jar:/home/runner/.m2/repository/io/netty/netty-handler-proxy/4.1.49.Final/netty-handler-proxy-4.1.49.Final.jar:/home/runner/.m2/repository/io/netty/netty-codec-socks/4.1.49.Final/netty-codec-socks-4.1.49.Final.jar:/home/runner/.m2/repository/io/netty/netty-codec-http/4.1.49.Final/netty-codec-http-4.1.49.Final.jar:/home/runner/.m2/repository/io/netty/netty-codec-http2/4.1.49.Final/netty-codec-http2-4.1.49.Final.jar:/home/runner/.m2/repository/io/netty/netty-resolver/4.1.49.Final/netty-resolver-4.1.49.Final.jar:/home/runner/.m2/repository/io/netty/netty-resolver-dns/4.1.49.Final/netty-resolver-dns-4.1.49.Final.jar:/home/runner/.m2/repository/io/netty/netty-codec-dns/4.1.49.Final/netty-codec-dns-4.1.49.Final.jar:/home/runner/.m2/repository/io/vertx/vertx-web/3.9.6/vertx-web-3.9.6.jar:/home/runner/.m2/repository/io/vertx/vertx-web-common/3.9.6/vertx-web-common-3.9.6.jar:/home/runner/.m2/repository/io/vertx/vertx-auth-common/3.9.6/vertx-auth-common-3.9.6.jar:/home/runner/.m2/repository/io/vertx/vertx-bridge-common/3.9.6/vertx-bridge-common-3.9.6.jar:/home/runner/.m2/repository/io/quarkus/quarkus-resteasy-server-common/1.13.7.Final/quarkus-resteasy-server-common-1.13.7.Final.jar:/home/runner/.m2/repository/jakarta/validation/jakarta.validation-api/2.0.2/jakarta.validation-api-2.0.2.jar:/home/runner/.m2/repository/io/quarkus/quarkus-arc/1.13.7.Final/quarkus-arc-1.13.7.Final.jar:/home/runner/.m2/repository/io/quarkus/arc/arc/1.13.7.Final/arc-1.13.7.Final.jar:/home/runner/.m2/repository/jakarta/transaction/jakarta.transaction-api/1.3.3/jakarta.transaction-api-1.3.3.jar:/home/runner/.m2/repository/org/eclipse/microprofile/context-propagation/microprofile-context-propagation-api/1.0.1/microprofile-context-propagation-api-1.0.1.jar:/home/runner/.m2/repository/io/quarkus/quarkus-junit5/1.13.7.Final/quarkus-junit5-1.13.7.Final.jar:/home/runner/.m2/repository/io/quarkus/quarkus-bootstrap-core/1.13.7.Final/quarkus-bootstrap-core-1.13.7.Final.jar:/home/runner/.m2/repository/io/quarkus/quarkus-bootstrap-app-model/1.13.7.Final/quarkus-bootstrap-app-model-1.13.7.Final.jar:/home/runner/.m2/repository/io/quarkus/quarkus-bootstrap-maven-resolver/1.13.7.Final/quarkus-bootstrap-maven-resolver-1.13.7.Final.jar:/home/runner/.m2/repository/org/apache/maven/maven-embedder/3.8.1/maven-embedder-3.8.1.jar:/home/runner/.m2/repository/org/apache/maven/maven-settings/3.8.1/maven-settings-3.8.1.jar:/home/runner/.m2/repository/org/apache/maven/maven-core/3.8.1/maven-core-3.8.1.jar:/home/runner/.m2/repository/org/apache/maven/maven-artifact/3.8.1/maven-artifact-3.8.1.jar:/home/runner/.m2/repository/org/codehaus/plexus/plexus-component-annotations/2.1.0/plexus-component-annotations-2.1.0.jar:/home/runner/.m2/repository/org/apache/maven/maven-plugin-api/3.8.1/maven-plugin-api-3.8.1.jar:/home/runner/.m2/repository/org/apache/maven/maven-model/3.8.1/maven-model-3.8.1.jar:/home/runner/.m2/repository/org/apache/maven/maven-model-builder/3.8.1/maven-model-builder-3.8.1.jar:/home/runner/.m2/repository/org/apache/maven/maven-builder-support/3.8.1/maven-builder-support-3.8.1.jar:/home/runner/.m2/repository/org/apache/maven/resolver/maven-resolver-api/1.6.2/maven-resolver-api-1.6.2.jar:/home/runner/.m2/repository/org/apache/maven/resolver/maven-resolver-util/1.6.2/maven-resolver-util-1.6.2.jar:/home/runner/.m2/repository/org/apache/maven/shared/maven-shared-utils/3.2.1/maven-shared-utils-3.2.1.jar:/home/runner/.m2/repository/com/google/inject/guice/4.2.1/guice-4.2.1-no_aop.jar:/home/runner/.m2/repository/org/codehaus/plexus/plexus-utils/3.2.1/plexus-utils-3.2.1.jar:/home/runner/.m2/repository/org/codehaus/plexus/plexus-classworlds/2.6.0/plexus-classworlds-2.6.0.jar:/home/runner/.m2/repository/commons-cli/commons-cli/1.4/commons-cli-1.4.jar:/home/runner/.m2/repository/org/eclipse/sisu/org.eclipse.sisu.plexus/0.3.4/org.eclipse.sisu.plexus-0.3.4.jar:/home/runner/.m2/repository/org/apache/maven/maven-settings-builder/3.8.1/maven-settings-builder-3.8.1.jar:/home/runner/.m2/repository/org/codehaus/plexus/plexus-interpolation/1.25/plexus-interpolation-1.25.jar:/home/runner/.m2/repository/org/sonatype/plexus/plexus-sec-dispatcher/1.4/plexus-sec-dispatcher-1.4.jar:/home/runner/.m2/repository/org/sonatype/plexus/plexus-cipher/1.4/plexus-cipher-1.4.jar:/home/runner/.m2/repository/org/apache/maven/maven-resolver-provider/3.8.1/maven-resolver-provider-3.8.1.jar:/home/runner/.m2/repository/org/apache/maven/maven-repository-metadata/3.8.1/maven-repository-metadata-3.8.1.jar:/home/runner/.m2/repository/org/apache/maven/resolver/maven-resolver-spi/1.6.2/maven-resolver-spi-1.6.2.jar:/home/runner/.m2/repository/org/apache/maven/resolver/maven-resolver-impl/1.6.2/maven-resolver-impl-1.6.2.jar:/home/runner/.m2/repository/org/apache/maven/resolver/maven-resolver-connector-basic/1.6.2/maven-resolver-connector-basic-1.6.2.jar:/home/runner/.m2/repository/org/apache/maven/resolver/maven-resolver-transport-wagon/1.6.2/maven-resolver-transport-wagon-1.6.2.jar:/home/runner/.m2/repository/org/apache/maven/wagon/wagon-http/3.4.3/wagon-http-3.4.3.jar:/home/runner/.m2/repository/org/apache/maven/wagon/wagon-http-shared/3.4.3/wagon-http-shared-3.4.3.jar:/home/runner/.m2/repository/org/jsoup/jsoup/1.12.1/jsoup-1.12.1.jar:/home/runner/.m2/repository/org/apache/maven/wagon/wagon-provider-api/3.4.3/wagon-provider-api-3.4.3.jar:/home/runner/.m2/repository/org/apache/maven/wagon/wagon-file/3.4.3/wagon-file-3.4.3.jar:/home/runner/.m2/repository/io/quarkus/quarkus-bootstrap-gradle-resolver/1.13.7.Final/quarkus-bootstrap-gradle-resolver-1.13.7.Final.jar:/home/runner/.m2/repository/io/smallrye/common/smallrye-common-io/1.5.0/smallrye-common-io-1.5.0.jar:/home/runner/.m2/repository/org/eclipse/sisu/org.eclipse.sisu.inject/0.3.4/org.eclipse.sisu.inject-0.3.4.jar:/home/runner/.m2/repository/io/quarkus/quarkus-test-common/1.13.7.Final/quarkus-test-common-1.13.7.Final.jar:/home/runner/.m2/repository/io/quarkus/quarkus-core-deployment/1.13.7.Final/quarkus-core-deployment-1.13.7.Final.jar:/home/runner/.m2/repository/io/quarkus/gizmo/gizmo/1.0.7.Final/gizmo-1.0.7.Final.jar:/home/runner/.m2/repository/org/ow2/asm/asm-util/9.1/asm-util-9.1.jar:/home/runner/.m2/repository/org/ow2/asm/asm-tree/9.1/asm-tree-9.1.jar:/home/runner/.m2/repository/org/ow2/asm/asm-analysis/9.1/asm-analysis-9.1.jar:/home/runner/.m2/repository/io/quarkus/quarkus-class-change-agent/1.13.7.Final/quarkus-class-change-agent-1.13.7.Final.jar:/home/runner/.m2/repository/io/quarkus/quarkus-devtools-utilities/1.13.7.Final/quarkus-devtools-utilities-1.13.7.Final.jar:/home/runner/.m2/repository/io/quarkus/quarkus-builder/1.13.7.Final/quarkus-builder-1.13.7.Final.jar:/home/runner/.m2/repository/io/quarkus/quarkus-jsonp-deployment/1.13.7.Final/quarkus-jsonp-deployment-1.13.7.Final.jar:/home/runner/.m2/repository/org/jboss/jandex/2.2.3.Final/jandex-2.2.3.Final.jar:/home/runner/.m2/repository/org/junit/jupiter/junit-jupiter/5.7.1/junit-jupiter-5.7.1.jar:/home/runner/.m2/repository/org/junit/jupiter/junit-jupiter-params/5.7.1/junit-jupiter-params-5.7.1.jar:/home/runner/.m2/repository/io/quarkus/quarkus-datasource-deployment-spi/1.13.7.Final/quarkus-datasource-deployment-spi-1.13.7.Final.jar:/home/runner/.m2/repository/io/quarkus/quarkus-arc-deployment/1.13.7.Final/quarkus-arc-deployment-1.13.7.Final.jar:/home/runner/.m2/repository/io/quarkus/quarkus-vertx-http-dev-console-spi/1.13.7.Final/quarkus-vertx-http-dev-console-spi-1.13.7.Final.jar:/home/runner/.m2/repository/io/quarkus/arc/arc-processor/1.13.7.Final/arc-processor-1.13.7.Final.jar:/home/runner/.m2/repository/io/quarkus/quarkus-datasource-common/1.13.7.Final/quarkus-datasource-common-1.13.7.Final.jar:/home/runner/.m2/repository/com/thoughtworks/xstream/xstream/1.4.16/xstream-1.4.16.jar:/home/runner/.m2/repository/io/github/x-stream/mxparser/1.2.1/mxparser-1.2.1.jar:/home/runner/.m2/repository/xmlpull/xmlpull/1.1.3.1/xmlpull-1.1.3.1.jar:/home/runner/.m2/repository/org/jetbrains/kotlin/kotlin-stdlib-jdk8/1.4.32/kotlin-stdlib-jdk8-1.4.32.jar:/home/runner/.m2/repository/org/jetbrains/kotlin/kotlin-stdlib-jdk7/1.4.32/kotlin-stdlib-jdk7-1.4.32.jar:/home/runner/.m2/repository/io/quarkus/quarkus-hibernate-validator/1.13.7.Final/quarkus-hibernate-validator-1.13.7.Final.jar:/home/runner/.m2/repository/org/hibernate/validator/hibernate-validator/6.2.0.Final/hibernate-validator-6.2.0.Final.jar:/home/runner/.m2/repository/com/fasterxml/classmate/1.3.4/classmate-1.3.4.jar:/home/runner/.m2/repository/org/glassfish/jakarta.el/3.0.3/jakarta.el-3.0.3.jar:/home/runner/.m2/repository/io/quarkus/quarkus-kubernetes-client/1.13.7.Final/quarkus-kubernetes-client-1.13.7.Final.jar:/home/runner/.m2/repository/io/quarkus/quarkus-kubernetes-client-internal/1.13.7.Final/quarkus-kubernetes-client-internal-1.13.7.Final.jar:/home/runner/.m2/repository/io/quarkus/quarkus-jackson/1.13.7.Final/quarkus-jackson-1.13.7.Final.jar:/home/runner/.m2/repository/com/fasterxml/jackson/datatype/jackson-datatype-jsr310/2.12.3/jackson-datatype-jsr310-2.12.3.jar:/home/runner/.m2/repository/com/fasterxml/jackson/datatype/jackson-datatype-jdk8/2.12.3/jackson-datatype-jdk8-2.12.3.jar:/home/runner/.m2/repository/com/fasterxml/jackson/module/jackson-module-parameter-names/2.12.3/jackson-module-parameter-names-2.12.3.jar:/home/runner/.m2/repository/io/fabric8/kubernetes-client/5.3.1/kubernetes-client-5.3.1.jar:/home/runner/.m2/repository/io/fabric8/kubernetes-model-core/5.3.1/kubernetes-model-core-5.3.1.jar:/home/runner/.m2/repository/io/fabric8/kubernetes-model-common/5.3.1/kubernetes-model-common-5.3.1.jar:/home/runner/.m2/repository/io/fabric8/kubernetes-model-rbac/5.3.1/kubernetes-model-rbac-5.3.1.jar:/home/runner/.m2/repository/io/fabric8/kubernetes-model-admissionregistration/5.3.1/kubernetes-model-admissionregistration-5.3.1.jar:/home/runner/.m2/repository/io/fabric8/kubernetes-model-apps/5.3.1/kubernetes-model-apps-5.3.1.jar:/home/runner/.m2/repository/io/fabric8/kubernetes-model-autoscaling/5.3.1/kubernetes-model-autoscaling-5.3.1.jar:/home/runner/.m2/repository/io/fabric8/kubernetes-model-apiextensions/5.3.1/kubernetes-model-apiextensions-5.3.1.jar:/home/runner/.m2/repository/io/fabric8/kubernetes-model-batch/5.3.1/kubernetes-model-batch-5.3.1.jar:/home/runner/.m2/repository/io/fabric8/kubernetes-model-certificates/5.3.1/kubernetes-model-certificates-5.3.1.jar:/home/runner/.m2/repository/io/fabric8/kubernetes-model-coordination/5.3.1/kubernetes-model-coordination-5.3.1.jar:/home/runner/.m2/repository/io/fabric8/kubernetes-model-discovery/5.3.1/kubernetes-model-discovery-5.3.1.jar:/home/runner/.m2/repository/io/fabric8/kubernetes-model-events/5.3.1/kubernetes-model-events-5.3.1.jar:/home/runner/.m2/repository/io/fabric8/kubernetes-model-extensions/5.3.1/kubernetes-model-extensions-5.3.1.jar:/home/runner/.m2/repository/io/fabric8/kubernetes-model-networking/5.3.1/kubernetes-model-networking-5.3.1.jar:/home/runner/.m2/repository/io/fabric8/kubernetes-model-metrics/5.3.1/kubernetes-model-metrics-5.3.1.jar:/home/runner/.m2/repository/io/fabric8/kubernetes-model-policy/5.3.1/kubernetes-model-policy-5.3.1.jar:/home/runner/.m2/repository/io/fabric8/kubernetes-model-scheduling/5.3.1/kubernetes-model-scheduling-5.3.1.jar:/home/runner/.m2/repository/io/fabric8/kubernetes-model-storageclass/5.3.1/kubernetes-model-storageclass-5.3.1.jar:/home/runner/.m2/repository/io/fabric8/kubernetes-model-node/5.3.1/kubernetes-model-node-5.3.1.jar:/home/runner/.m2/repository/com/squareup/okhttp3/okhttp/3.14.9/okhttp-3.14.9.jar:/home/runner/.m2/repository/com/squareup/okio/okio/1.17.2/okio-1.17.2.jar:/home/runner/.m2/repository/com/squareup/okhttp3/logging-interceptor/3.14.9/logging-interceptor-3.14.9.jar:/home/runner/.m2/repository/com/fasterxml/jackson/dataformat/jackson-dataformat-yaml/2.12.3/jackson-dataformat-yaml-2.12.3.jar:/home/runner/.m2/repository/io/fabric8/zjsonpatch/0.3.0/zjsonpatch-0.3.0.jar:/home/runner/.m2/repository/com/github/mifmif/generex/1.0.2/generex-1.0.2.jar:/home/runner/.m2/repository/dk/brics/automaton/automaton/1.11-8/automaton-1.11-8.jar:/home/runner/.m2/repository/org/apache/commons/commons-compress/1.20/commons-compress-1.20.jar:/home/runner/.m2/repository/jakarta/annotation/jakarta.annotation-api/1.3.5/jakarta.annotation-api-1.3.5.jar:/home/runner/.m2/repository/org/jboss/spec/javax/xml/bind/jboss-jaxb-api_2.3_spec/2.0.0.Final/jboss-jaxb-api_2.3_spec-2.0.0.Final.jar:/home/runner/.m2/repository/io/smallrye/config/smallrye-config-source-yaml/1.13.1/smallrye-config-source-yaml-1.13.1.jar:/home/runner/.m2/repository/io/smallrye/config/smallrye-config-common/1.13.1/smallrye-config-common-1.13.1.jar:/home/runner/.m2/repository/io/smallrye/common/smallrye-common-constraint/1.5.0/smallrye-common-constraint-1.5.0.jar:/home/runner/.m2/repository/org/yaml/snakeyaml/1.29/snakeyaml-1.29.jar:/home/runner/.m2/repository/io/quarkus/quarkus-jsonb/1.13.7.Final/quarkus-jsonb-1.13.7.Final.jar:/home/runner/.m2/repository/org/eclipse/yasson/1.0.9/yasson-1.0.9.jar:/home/runner/.m2/repository/io/quarkus/quarkus-jsonp/1.13.7.Final/quarkus-jsonp-1.13.7.Final.jar:/home/runner/.m2/repository/org/glassfish/jakarta.json/1.1.6/jakarta.json-1.1.6.jar:/home/runner/.m2/repository/io/quarkus/quarkus-hibernate-orm-panache/1.13.7.Final/quarkus-hibernate-orm-panache-1.13.7.Final.jar:/home/runner/.m2/repository/io/quarkus/quarkus-hibernate-orm/1.13.7.Final/quarkus-hibernate-orm-1.13.7.Final.jar:/home/runner/.m2/repository/io/quarkus/quarkus-agroal/1.13.7.Final/quarkus-agroal-1.13.7.Final.jar:/home/runner/.m2/repository/io/quarkus/quarkus-datasource/1.13.7.Final/quarkus-datasource-1.13.7.Final.jar:/home/runner/.m2/repository/org/jboss/narayana/jta/narayana-jta/5.10.6.Final/narayana-jta-5.10.6.Final.jar:/home/runner/.m2/repository/org/jboss/jboss-transaction-spi/7.6.0.Final/jboss-transaction-spi-7.6.0.Final.jar:/home/runner/.m2/repository/org/jboss/spec/javax/resource/jboss-connector-api_1.7_spec/1.0.0.Final/jboss-connector-api_1.7_spec-1.0.0.Final.jar:/home/runner/.m2/repository/org/jboss/narayana/jts/narayana-jts-integration/5.10.6.Final/narayana-jts-integration-5.10.6.Final.jar:/home/runner/.m2/repository/io/agroal/agroal-api/1.11/agroal-api-1.11.jar:/home/runner/.m2/repository/io/agroal/agroal-narayana/1.11/agroal-narayana-1.11.jar:/home/runner/.m2/repository/io/agroal/agroal-pool/1.11/agroal-pool-1.11.jar:/home/runner/.m2/repository/io/quarkus/quarkus-credentials/1.13.7.Final/quarkus-credentials-1.13.7.Final.jar:/home/runner/.m2/repository/io/quarkus/quarkus-narayana-jta/1.13.7.Final/quarkus-narayana-jta-1.13.7.Final.jar:/home/runner/.m2/repository/io/quarkus/quarkus-mutiny/1.13.7.Final/quarkus-mutiny-1.13.7.Final.jar:/home/runner/.m2/repository/io/quarkus/quarkus-smallrye-context-propagation/1.13.7.Final/quarkus-smallrye-context-propagation-1.13.7.Final.jar:/home/runner/.m2/repository/io/smallrye/smallrye-context-propagation/1.1.0/smallrye-context-propagation-1.1.0.jar:/home/runner/.m2/repository/io/smallrye/smallrye-context-propagation-api/1.1.0/smallrye-context-propagation-api-1.1.0.jar:/home/runner/.m2/repository/io/smallrye/smallrye-context-propagation-storage/1.1.0/smallrye-context-propagation-storage-1.1.0.jar:/home/runner/.m2/repository/io/smallrye/reactive/mutiny-smallrye-context-propagation/0.14.0/mutiny-smallrye-context-propagation-0.14.0.jar:/home/runner/.m2/repository/io/smallrye/smallrye-context-propagation-jta/1.1.0/smallrye-context-propagation-jta-1.1.0.jar:/home/runner/.m2/repository/io/smallrye/reactive/smallrye-reactive-converter-api/1.4.0/smallrye-reactive-converter-api-1.4.0.jar:/home/runner/.m2/repository/io/smallrye/reactive/smallrye-reactive-converter-mutiny/1.4.0/smallrye-reactive-converter-mutiny-1.4.0.jar:/home/runner/.m2/repository/org/hibernate/hibernate-core/5.4.29.Final/hibernate-core-5.4.29.Final.jar:/home/runner/.m2/repository/net/bytebuddy/byte-buddy/1.10.21/byte-buddy-1.10.21.jar:/home/runner/.m2/repository/antlr/antlr/2.7.7/antlr-2.7.7.jar:/home/runner/.m2/repository/org/dom4j/dom4j/2.1.3/dom4j-2.1.3.jar:/home/runner/.m2/repository/org/hibernate/common/hibernate-commons-annotations/5.1.2.Final/hibernate-commons-annotations-5.1.2.Final.jar:/home/runner/.m2/repository/org/hibernate/hibernate-graalvm/5.4.29.Final/hibernate-graalvm-5.4.29.Final.jar:/home/runner/.m2/repository/org/glassfish/jaxb/jaxb-runtime/2.3.3-b02/jaxb-runtime-2.3.3-b02.jar:/home/runner/.m2/repository/org/glassfish/jaxb/txw2/2.3.3-b02/txw2-2.3.3-b02.jar:/home/runner/.m2/repository/com/sun/istack/istack-commons-runtime/3.0.10/istack-commons-runtime-3.0.10.jar:/home/runner/.m2/repository/jakarta/persistence/jakarta.persistence-api/2.2.3/jakarta.persistence-api-2.2.3.jar:/home/runner/.m2/repository/org/hibernate/quarkus-local-cache/0.1.0/quarkus-local-cache-0.1.0.jar:/home/runner/.m2/repository/com/github/ben-manes/caffeine/caffeine/2.9.0/caffeine-2.9.0.jar:/home/runner/.m2/repository/io/quarkus/quarkus-caffeine/1.13.7.Final/quarkus-caffeine-1.13.7.Final.jar:/home/runner/.m2/repository/io/quarkus/quarkus-hibernate-orm-panache-common/1.13.7.Final/quarkus-hibernate-orm-panache-common-1.13.7.Final.jar:/home/runner/.m2/repository/io/quarkus/quarkus-panache-hibernate-common/1.13.7.Final/quarkus-panache-hibernate-common-1.13.7.Final.jar:/home/runner/.m2/repository/io/quarkus/quarkus-panache-common/1.13.7.Final/quarkus-panache-common-1.13.7.Final.jar:/home/runner/.m2/repository/io/quarkus/quarkus-jdbc-postgresql/1.13.7.Final/quarkus-jdbc-postgresql-1.13.7.Final.jar:/home/runner/.m2/repository/io/quarkus/quarkus-keycloak-authorization/1.13.7.Final/quarkus-keycloak-authorization-1.13.7.Final.jar:/home/runner/.m2/repository/io/quarkus/quarkus-oidc/1.13.7.Final/quarkus-oidc-1.13.7.Final.jar:/home/runner/.m2/repository/io/quarkus/quarkus-oidc-common/1.13.7.Final/quarkus-oidc-common-1.13.7.Final.jar:/home/runner/.m2/repository/io/smallrye/reactive/smallrye-mutiny-vertx-web-client/1.5.0/smallrye-mutiny-vertx-web-client-1.5.0.jar:/home/runner/.m2/repository/io/vertx/vertx-web-client/3.9.6/vertx-web-client-3.9.6.jar:/home/runner/.m2/repository/io/smallrye/reactive/smallrye-mutiny-vertx-core/1.5.0/smallrye-mutiny-vertx-core-1.5.0.jar:/home/runner/.m2/repository/io/smallrye/reactive/smallrye-mutiny-vertx-runtime/1.5.0/smallrye-mutiny-vertx-runtime-1.5.0.jar:/home/runner/.m2/repository/io/smallrye/reactive/vertx-mutiny-generator/1.5.0/vertx-mutiny-generator-1.5.0.jar:/home/runner/.m2/repository/io/vertx/vertx-codegen/3.9.6/vertx-codegen-3.9.6.jar:/home/runner/.m2/repository/org/mvel/mvel2/2.4.12.Final/mvel2-2.4.12.Final.jar:/home/runner/.m2/repository/io/smallrye/reactive/smallrye-mutiny-vertx-web-common/1.5.0/smallrye-mutiny-vertx-web-common-1.5.0.jar:/home/runner/.m2/repository/io/quarkus/quarkus-smallrye-jwt-build/1.13.7.Final/quarkus-smallrye-jwt-build-1.13.7.Final.jar:/home/runner/.m2/repository/io/smallrye/smallrye-jwt-build/2.4.4/smallrye-jwt-build-2.4.4.jar:/home/runner/.m2/repository/io/smallrye/smallrye-jwt/2.4.4/smallrye-jwt-2.4.4.jar:/home/runner/.m2/repository/org/eclipse/microprofile/jwt/microprofile-jwt-auth-api/1.1.1/microprofile-jwt-auth-api-1.1.1.jar:/home/runner/.m2/repository/org/bitbucket/b_c/jose4j/0.7.6/jose4j-0.7.6.jar:/home/runner/.m2/repository/io/smallrye/smallrye-jwt-common/2.4.4/smallrye-jwt-common-2.4.4.jar:/home/runner/.m2/repository/org/keycloak/keycloak-adapter-core/12.0.4/keycloak-adapter-core-12.0.4.jar:/home/runner/.m2/repository/org/keycloak/keycloak-core/12.0.4/keycloak-core-12.0.4.jar:/home/runner/.m2/repository/org/keycloak/keycloak-common/12.0.4/keycloak-common-12.0.4.jar:/home/runner/.m2/repository/org/bouncycastle/bcprov-jdk15on/1.68/bcprov-jdk15on-1.68.jar:/home/runner/.m2/repository/org/bouncycastle/bcpkix-jdk15on/1.68/bcpkix-jdk15on-1.68.jar:/home/runner/.m2/repository/org/keycloak/keycloak-adapter-spi/12.0.4/keycloak-adapter-spi-12.0.4.jar:/home/runner/.m2/repository/org/keycloak/keycloak-authz-client/12.0.4/keycloak-authz-client-12.0.4.jar:/home/runner/.m2/repository/org/jboss/logging/commons-logging-jboss-logging/1.0.0.Final/commons-logging-jboss-logging-1.0.0.Final.jar:/home/runner/.m2/repository/io/quarkus/quarkus-rest-client/1.13.7.Final/quarkus-rest-client-1.13.7.Final.jar:/home/runner/.m2/repository/io/quarkus/quarkus-resteasy-common/1.13.7.Final/quarkus-resteasy-common-1.13.7.Final.jar:/home/runner/.m2/repository/org/jboss/resteasy/resteasy-core/4.5.12.Final/resteasy-core-4.5.12.Final.jar:/home/runner/.m2/repository/org/jboss/spec/javax/ws/rs/jboss-jaxrs-api_2.1_spec/2.0.1.Final/jboss-jaxrs-api_2.1_spec-2.0.1.Final.jar:/home/runner/.m2/repository/org/jboss/resteasy/resteasy-core-spi/4.5.12.Final/resteasy-core-spi-4.5.12.Final.jar:/home/runner/.m2/repository/org/reactivestreams/reactive-streams/1.0.3/reactive-streams-1.0.3.jar:/home/runner/.m2/repository/com/ibm/async/asyncutil/0.1.0/asyncutil-0.1.0.jar:/home/runner/.m2/repository/com/sun/activation/jakarta.activation/1.2.1/jakarta.activation-1.2.1.jar:/home/runner/.m2/repository/org/jboss/resteasy/resteasy-client-microprofile/4.5.12.Final/resteasy-client-microprofile-4.5.12.Final.jar:/home/runner/.m2/repository/org/jboss/resteasy/resteasy-client/4.5.12.Final/resteasy-client-4.5.12.Final.jar:/home/runner/.m2/repository/org/jboss/resteasy/resteasy-client-api/4.5.12.Final/resteasy-client-api-4.5.12.Final.jar:/home/runner/.m2/repository/org/eclipse/microprofile/rest/client/microprofile-rest-client-api/1.4.1/microprofile-rest-client-api-1.4.1.jar:/home/runner/.m2/repository/jakarta/interceptor/jakarta.interceptor-api/1.2.5/jakarta.interceptor-api-1.2.5.jar:/home/runner/.m2/repository/org/apache/httpcomponents/httpasyncclient/4.1.4/httpasyncclient-4.1.4.jar:/home/runner/.m2/repository/org/apache/httpcomponents/httpcore/4.4.14/httpcore-4.4.14.jar:/home/runner/.m2/repository/org/apache/httpcomponents/httpcore-nio/4.4.14/httpcore-nio-4.4.14.jar:/home/runner/.m2/repository/io/quarkus/quarkus-smallrye-openapi/1.13.7.Final/quarkus-smallrye-openapi-1.13.7.Final.jar:/home/runner/.m2/repository/io/smallrye/smallrye-open-api-core/2.0.26/smallrye-open-api-core-2.0.26.jar:/home/runner/.m2/repository/org/eclipse/microprofile/openapi/microprofile-openapi-api/1.1.3-RC1/microprofile-openapi-api-1.1.3-RC1.jar:/home/runner/.m2/repository/org/eclipse/microprofile/config/microprofile-config-api/1.4/microprofile-config-api-1.4.jar:/home/runner/.m2/repository/io/quarkus/quarkus-swagger-ui/1.13.7.Final/quarkus-swagger-ui-1.13.7.Final.jar:/home/runner/.m2/repository/com/intuit/karate/karate-junit5/1.0.1/karate-junit5-1.0.1.jar:/home/runner/.m2/repository/com/intuit/karate/karate-core/1.0.1/karate-core-1.0.1.jar:/home/runner/.m2/repository/org/graalvm/js/js-scriptengine/21.0.0/js-scriptengine-21.0.0.jar:/home/runner/.m2/repository/org/graalvm/js/js/21.0.0.2/js-21.0.0.2.jar:/home/runner/.m2/repository/org/graalvm/regex/regex/21.0.0.2/regex-21.0.0.2.jar:/home/runner/.m2/repository/org/graalvm/truffle/truffle-api/21.0.0.2/truffle-api-21.0.0.2.jar:/home/runner/.m2/repository/com/ibm/icu/icu4j/67.1/icu4j-67.1.jar:/home/runner/.m2/repository/ch/qos/logback/logback-classic/1.2.3/logback-classic-1.2.3.jar:/home/runner/.m2/repository/ch/qos/logback/logback-core/1.2.3/logback-core-1.2.3.jar:/home/runner/.m2/repository/org/slf4j/jcl-over-slf4j/1.7.30/jcl-over-slf4j-1.7.30.jar:/home/runner/.m2/repository/info/cukes/cucumber-java/1.2.5/cucumber-java-1.2.5.jar:/home/runner/.m2/repository/info/cukes/cucumber-core/1.2.5/cucumber-core-1.2.5.jar:/home/runner/.m2/repository/de/siegmar/fastcsv/1.0.4/fastcsv-1.0.4.jar:/home/runner/.m2/repository/info/picocli/picocli/4.6.1/picocli-4.6.1.jar:/home/runner/.m2/repository/org/junit/jupiter/junit-jupiter-api/5.7.1/junit-jupiter-api-5.7.1.jar:/home/runner/.m2/repository/org/apiguardian/apiguardian-api/1.1.0/apiguardian-api-1.1.0.jar:/home/runner/.m2/repository/org/opentest4j/opentest4j/1.2.0/opentest4j-1.2.0.jar:/home/runner/.m2/repository/org/junit/platform/junit-platform-commons/1.7.1/junit-platform-commons-1.7.1.jar:/home/runner/.m2/repository/org/junit/jupiter/junit-jupiter-engine/5.7.1/junit-jupiter-engine-5.7.1.jar:/home/runner/.m2/repository/org/junit/platform/junit-platform-engine/1.7.1/junit-platform-engine-1.7.1.jar:/home/runner/.m2/repository/org/testcontainers/testcontainers/1.15.3/testcontainers-1.15.3.jar:/home/runner/.m2/repository/junit/junit/4.13.1/junit-4.13.1.jar:/home/runner/.m2/repository/org/hamcrest/hamcrest-core/1.3/hamcrest-core-1.3.jar:/home/runner/.m2/repository/org/slf4j/slf4j-api/1.7.30/slf4j-api-1.7.30.jar:/home/runner/.m2/repository/org/rnorth/duct-tape/duct-tape/1.0.8/duct-tape-1.0.8.jar:/home/runner/.m2/repository/org/rnorth/visible-assertions/visible-assertions/2.1.2/visible-assertions-2.1.2.jar:/home/runner/.m2/repository/net/java/dev/jna/jna/5.3.1/jna-5.3.1.jar:/home/runner/.m2/repository/com/github/docker-java/docker-java-api/3.2.8/docker-java-api-3.2.8.jar:/home/runner/.m2/repository/com/github/docker-java/docker-java-transport-zerodep/3.2.8/docker-java-transport-zerodep-3.2.8.jar:/home/runner/.m2/repository/com/github/docker-java/docker-java-transport/3.2.8/docker-java-transport-3.2.8.jar:/home/runner/.m2/repository/org/testcontainers/postgresql/1.15.3/postgresql-1.15.3.jar:/home/runner/.m2/repository/org/testcontainers/jdbc/1.15.2/jdbc-1.15.2.jar:/home/runner/.m2/repository/org/testcontainers/database-commons/1.15.2/database-commons-1.15.2.jar:/home/runner/.m2/repository/org/testcontainers/mongodb/1.15.3/mongodb-1.15.3.jar:/home/runner/.m2/repository/io/quarkus/quarkus-test-security/1.13.7.Final/quarkus-test-security-1.13.7.Final.jar:/home/runner/.m2/repository/io/quarkus/quarkus-security/1.13.7.Final/quarkus-security-1.13.7.Final.jar:/home/runner/.m2/repository/org/postgresql/postgresql/42.2.18/postgresql-42.2.18.jar:/home/runner/.m2/repository/io/quarkus/quarkus-test-kubernetes-client/1.13.7.Final/quarkus-test-kubernetes-client-1.13.7.Final.jar:/home/runner/.m2/repository/io/fabric8/kubernetes-server-mock/5.3.1/kubernetes-server-mock-5.3.1.jar:/home/runner/.m2/repository/io/fabric8/mockwebserver/0.1.8/mockwebserver-0.1.8.jar:/home/runner/.m2/repository/com/squareup/okhttp3/mockwebserver/3.12.6/mockwebserver-3.12.6.jar:/home/runner/.m2/repository/com/github/tomakehurst/wiremock-jre8/2.28.1/wiremock-jre8-2.28.1.jar:/home/runner/.m2/repository/org/eclipse/jetty/jetty-server/9.4.36.v20210114/jetty-server-9.4.36.v20210114.jar:/home/runner/.m2/repository/javax/servlet/javax.servlet-api/3.1.0/javax.servlet-api-3.1.0.jar:/home/runner/.m2/repository/org/eclipse/jetty/jetty-http/9.4.36.v20210114/jetty-http-9.4.36.v20210114.jar:/home/runner/.m2/repository/org/eclipse/jetty/jetty-io/9.4.36.v20210114/jetty-io-9.4.36.v20210114.jar:/home/runner/.m2/repository/org/eclipse/jetty/jetty-servlet/9.4.36.v20210114/jetty-servlet-9.4.36.v20210114.jar:/home/runner/.m2/repository/org/eclipse/jetty/jetty-security/9.4.36.v20210114/jetty-security-9.4.36.v20210114.jar:/home/runner/.m2/repository/org/eclipse/jetty/jetty-util-ajax/9.4.36.v20210114/jetty-util-ajax-9.4.36.v20210114.jar:/home/runner/.m2/repository/org/eclipse/jetty/jetty-servlets/9.4.36.v20210114/jetty-servlets-9.4.36.v20210114.jar:/home/runner/.m2/repository/org/eclipse/jetty/jetty-continuation/9.4.36.v20210114/jetty-continuation-9.4.36.v20210114.jar:/home/runner/.m2/repository/org/eclipse/jetty/jetty-util/9.4.36.v20210114/jetty-util-9.4.36.v20210114.jar:/home/runner/.m2/repository/org/eclipse/jetty/jetty-webapp/9.4.36.v20210114/jetty-webapp-9.4.36.v20210114.jar:/home/runner/.m2/repository/org/eclipse/jetty/jetty-xml/9.4.36.v20210114/jetty-xml-9.4.36.v20210114.jar:/home/runner/.m2/repository/org/eclipse/jetty/jetty-proxy/9.4.36.v20210114/jetty-proxy-9.4.36.v20210114.jar:/home/runner/.m2/repository/org/eclipse/jetty/jetty-client/9.4.36.v20210114/jetty-client-9.4.36.v20210114.jar:/home/runner/.m2/repository/org/eclipse/jetty/http2/http2-server/9.4.36.v20210114/http2-server-9.4.36.v20210114.jar:/home/runner/.m2/repository/org/eclipse/jetty/http2/http2-common/9.4.36.v20210114/http2-common-9.4.36.v20210114.jar:/home/runner/.m2/repository/org/eclipse/jetty/http2/http2-hpack/9.4.36.v20210114/http2-hpack-9.4.36.v20210114.jar:/home/runner/.m2/repository/org/eclipse/jetty/jetty-alpn-server/9.4.36.v20210114/jetty-alpn-server-9.4.36.v20210114.jar:/home/runner/.m2/repository/org/eclipse/jetty/jetty-alpn-conscrypt-server/9.4.36.v20210114/jetty-alpn-conscrypt-server-9.4.36.v20210114.jar:/home/runner/.m2/repository/org/eclipse/jetty/jetty-alpn-conscrypt-client/9.4.36.v20210114/jetty-alpn-conscrypt-client-9.4.36.v20210114.jar:/home/runner/.m2/repository/org/eclipse/jetty/jetty-alpn-client/9.4.36.v20210114/jetty-alpn-client-9.4.36.v20210114.jar:/home/runner/.m2/repository/org/conscrypt/conscrypt-openjdk-uber/2.5.2/conscrypt-openjdk-uber-2.5.2.jar:/home/runner/.m2/repository/com/google/guava/guava/30.1-jre/guava-30.1-jre.jar:/home/runner/.m2/repository/com/google/guava/failureaccess/1.0.1/failureaccess-1.0.1.jar:/home/runner/.m2/repository/com/google/guava/listenablefuture/9999.0-empty-to-avoid-conflict-with-guava/listenablefuture-9999.0-empty-to-avoid-conflict-with-guava.jar:/home/runner/.m2/repository/com/google/code/findbugs/jsr305/3.0.2/jsr305-3.0.2.jar:/home/runner/.m2/repository/org/checkerframework/checker-qual/2.5.2/checker-qual-2.5.2.jar:/home/runner/.m2/repository/com/google/errorprone/error_prone_annotations/2.2.0/error_prone_annotations-2.2.0.jar:/home/runner/.m2/repository/com/google/j2objc/j2objc-annotations/1.3/j2objc-annotations-1.3.jar:/home/runner/.m2/repository/com/fasterxml/jackson/core/jackson-core/2.12.3/jackson-core-2.12.3.jar:/home/runner/.m2/repository/com/fasterxml/jackson/core/jackson-annotations/2.12.3/jackson-annotations-2.12.3.jar:/home/runner/.m2/repository/com/fasterxml/jackson/core/jackson-databind/2.12.3/jackson-databind-2.12.3.jar:/home/runner/.m2/repository/org/apache/httpcomponents/httpclient/4.5.13/httpclient-4.5.13.jar:/home/runner/.m2/repository/commons-logging/commons-logging/1.2/commons-logging-1.2.jar:/home/runner/.m2/repository/commons-codec/commons-codec/1.14/commons-codec-1.14.jar:/home/runner/.m2/repository/org/xmlunit/xmlunit-core/2.8.2/xmlunit-core-2.8.2.jar:/home/runner/.m2/repository/jakarta/xml/bind/jakarta.xml.bind-api/2.3.3/jakarta.xml.bind-api-2.3.3.jar:/home/runner/.m2/repository/jakarta/activation/jakarta.activation-api/1.2.1/jakarta.activation-api-1.2.1.jar:/home/runner/.m2/repository/org/xmlunit/xmlunit-legacy/2.8.2/xmlunit-legacy-2.8.2.jar:/home/runner/.m2/repository/org/xmlunit/xmlunit-placeholders/2.8.2/xmlunit-placeholders-2.8.2.jar:/home/runner/.m2/repository/net/javacrumbs/json-unit/json-unit-core/2.26.0/json-unit-core-2.26.0.jar:/home/runner/.m2/repository/com/jayway/jsonpath/json-path/2.6.0/json-path-2.6.0.jar:/home/runner/.m2/repository/net/minidev/json-smart/2.3/json-smart-2.3.jar:/home/runner/.m2/repository/net/minidev/accessors-smart/1.2/accessors-smart-1.2.jar:/home/runner/.m2/repository/org/ow2/asm/asm/9.1/asm-9.1.jar:/home/runner/.m2/repository/net/sf/jopt-simple/jopt-simple/5.0.4/jopt-simple-5.0.4.jar:/home/runner/.m2/repository/org/apache/commons/commons-lang3/3.12.0/commons-lang3-3.12.0.jar:/home/runner/.m2/repository/com/github/jknack/handlebars/4.2.0/handlebars-4.2.0.jar:/home/runner/.m2/repository/com/github/jknack/handlebars-helpers/4.2.0/handlebars-helpers-4.2.0.jar:/home/runner/.m2/repository/commons-fileupload/commons-fileupload/1.4/commons-fileupload-1.4.jar:/home/runner/.m2/repository/io/quarkus/quarkus-elytron-security-properties-file/1.13.7.Final/quarkus-elytron-security-properties-file-1.13.7.Final.jar:/home/runner/.m2/repository/io/quarkus/quarkus-elytron-security/1.13.7.Final/quarkus-elytron-security-1.13.7.Final.jar:/home/runner/.m2/repository/io/quarkus/quarkus-elytron-security-common/1.13.7.Final/quarkus-elytron-security-common-1.13.7.Final.jar:/home/runner/.m2/repository/org/wildfly/security/wildfly-elytron-auth-server/1.15.1.Final/wildfly-elytron-auth-server-1.15.1.Final.jar:/home/runner/.m2/repository/org/wildfly/security/wildfly-elytron-auth/1.15.1.Final/wildfly-elytron-auth-1.15.1.Final.jar:/home/runner/.m2/repository/org/wildfly/security/wildfly-elytron-base/1.15.1.Final/wildfly-elytron-base-1.15.1.Final.jar:/home/runner/.m2/repository/org/wildfly/security/wildfly-elytron-credential/1.15.1.Final/wildfly-elytron-credential-1.15.1.Final.jar:/home/runner/.m2/repository/org/wildfly/security/wildfly-elytron-asn1/1.15.1.Final/wildfly-elytron-asn1-1.15.1.Final.jar:/home/runner/.m2/repository/org/wildfly/security/wildfly-elytron-keystore/1.15.1.Final/wildfly-elytron-keystore-1.15.1.Final.jar:/home/runner/.m2/repository/org/wildfly/security/wildfly-elytron-provider-util/1.15.1.Final/wildfly-elytron-provider-util-1.15.1.Final.jar:/home/runner/.m2/repository/org/wildfly/security/wildfly-elytron-permission/1.15.1.Final/wildfly-elytron-permission-1.15.1.Final.jar:/home/runner/.m2/repository/org/wildfly/security/wildfly-elytron-util/1.15.1.Final/wildfly-elytron-util-1.15.1.Final.jar:/home/runner/.m2/repository/org/wildfly/security/wildfly-elytron-x500/1.15.1.Final/wildfly-elytron-x500-1.15.1.Final.jar:/home/runner/.m2/repository/org/wildfly/security/wildfly-elytron-password-impl/1.15.1.Final/wildfly-elytron-password-impl-1.15.1.Final.jar:/home/runner/.m2/repository/org/wildfly/security/wildfly-elytron-realm/1.15.1.Final/wildfly-elytron-realm-1.15.1.Final.jar:/home/runner/.m2/repository/io/quarkus/security/quarkus-security/1.1.4.Final/quarkus-security-1.1.4.Final.jar:/home/runner/.m2/repository/io/smallrye/reactive/mutiny/0.14.0/mutiny-0.14.0.jar:/home/runner/.m2/repository/jakarta/enterprise/jakarta.enterprise.cdi-api/2.0.2/jakarta.enterprise.cdi-api-2.0.2.jar:/home/runner/.m2/repository/jakarta/el/jakarta.el-api/3.0.3/jakarta.el-api-3.0.3.jar:/home/runner/.m2/repository/jakarta/security/jacc/jakarta.security.jacc-api/1.6.1/jakarta.security.jacc-api-1.6.1.jar:/home/runner/.m2/repository/jakarta/servlet/jakarta.servlet-api/4.0.3/jakarta.servlet-api-4.0.3.jar:/home/runner/.m2/repository/jakarta/security/auth/message/jakarta.security.auth.message-api/1.1.3/jakarta.security.auth.message-api-1.1.3.jar:/home/runner/.m2/repository/io/quarkus/quarkus-container-image-jib/1.13.7.Final/quarkus-container-image-jib-1.13.7.Final.jar:/home/runner/.m2/repository/io/quarkus/quarkus-container-image/1.13.7.Final/quarkus-container-image-1.13.7.Final.jar:"/>
    <property name="sun.cpu.endian" value="little"/>
    <property name="user.home" value="/home/runner"/>
    <property name="user.language" value="en"/>
    <property name="java.specification.vendor" value="Oracle Corporation"/>
    <property name="java.version.date" value="2021-10-19"/>
    <property name="java.home" value="/opt/hostedtoolcache/jdk/11.0.13/x64"/>
    <property name="file.separator" value="/"/>
    <property name="basedir" value="/home/runner/work/beeyond/beeyond/backend-beeyond"/>
    <property name="java.vm.compressedOopsMode" value="32-bit"/>
    <property name="line.separator" value="&#10;"/>
    <property name="java.specification.name" value="Java Platform API Specification"/>
    <property name="java.vm.specification.vendor" value="Oracle Corporation"/>
    <property name="jdk.vendor.version" value="Zulu11.52+13-CA"/>
    <property name="java.awt.graphicsenv" value="sun.awt.X11GraphicsEnvironment"/>
    <property name="surefire.real.class.path" value="/home/runner/work/beeyond/beeyond/backend-beeyond/target/surefire/surefirebooter13336925562422590645.jar"/>
    <property name="sun.management.compiler" value="HotSpot 64-Bit Tiered Compilers"/>
    <property name="java.runtime.version" value="11.0.13+8-LTS"/>
    <property name="user.name" value="runner"/>
    <property name="path.separator" value=":"/>
    <property name="os.version" value="5.11.0-1020-azure"/>
    <property name="java.runtime.name" value="OpenJDK Runtime Environment"/>
    <property name="file.encoding" value="UTF-8"/>
    <property name="java.vm.name" value="OpenJDK 64-Bit Server VM"/>
    <property name="java.vendor.version" value="Zulu11.52+13-CA"/>
    <property name="localRepository" value="/home/runner/.m2/repository"/>
    <property name="java.vendor.url.bug" value="http://www.azul.com/support/"/>
    <property name="java.io.tmpdir" value="/tmp"/>
    <property name="java.version" value="11.0.13"/>
    <property name="user.dir" value="/home/runner/work/beeyond/beeyond/backend-beeyond"/>
    <property name="os.arch" value="amd64"/>
    <property name="java.vm.specification.name" value="Java Virtual Machine Specification"/>
    <property name="java.awt.printerjob" value="sun.print.PSPrinterJob"/>
    <property name="sun.os.patch.level" value="unknown"/>
    <property name="java.util.logging.manager" value="org.jboss.logmanager.LogManager"/>
    <property name="java.library.path" value="/usr/java/packages/lib:/usr/lib64:/lib64:/lib:/usr/lib"/>
    <property name="java.vm.info" value="mixed mode"/>
    <property name="java.vendor" value="Azul Systems, Inc."/>
    <property name="java.vm.version" value="11.0.13+8-LTS"/>
    <property name="sun.io.unicode.encoding" value="UnicodeLittle"/>
    <property name="java.class.version" value="55.0"/>
  </properties>
  <testcase name="testAssign[1][1]" classname="at.htl.beeyond.integration.namespace.NamespaceTest" time="0.064"/>
  <testcase name="testAssign[1][2]" classname="at.htl.beeyond.integration.namespace.NamespaceTest" time="0.083"/>
  <testcase name="testAssign[1][3]" classname="at.htl.beeyond.integration.namespace.NamespaceTest" time="0.083"/>
  <testcase name="testAssign[1][4]" classname="at.htl.beeyond.integration.namespace.NamespaceTest" time="0.076"/>
  <testcase name="testAssign[1][5]" classname="at.htl.beeyond.integration.namespace.NamespaceTest" time="0.054"/>
  <testcase name="testAssign[1][6]" classname="at.htl.beeyond.integration.namespace.NamespaceTest" time="0.103"/>
  <testcase name="testAssign[1][7]" classname="at.htl.beeyond.integration.namespace.NamespaceTest" time="0.057"/>
  <testcase name="testAssign[1][8]" classname="at.htl.beeyond.integration.namespace.NamespaceTest" time="0.089"/>
  <testcase name="testAssign[1][9]" classname="at.htl.beeyond.integration.namespace.NamespaceTest" time="0.09"/>
  <testcase name="testAssign[1][10]" classname="at.htl.beeyond.integration.namespace.NamespaceTest" time="0.063"/>
  <testcase name="testAssign[1][11]" classname="at.htl.beeyond.integration.namespace.NamespaceTest" time="0.051"/>
  <testcase name="testAssign[1][12]" classname="at.htl.beeyond.integration.namespace.NamespaceTest" time="0.085"/>
  <testcase name="testAssign[1][13]" classname="at.htl.beeyond.integration.namespace.NamespaceTest" time="0.076"/>
  <testcase name="testAssign[1][14]" classname="at.htl.beeyond.integration.namespace.NamespaceTest" time="0.079"/>
  <testcase name="testAssign[1][15]" classname="at.htl.beeyond.integration.namespace.NamespaceTest" time="0.093"/>
  <testcase name="testAssign[1][16]" classname="at.htl.beeyond.integration.namespace.NamespaceTest" time="0.3"/>
</testsuite>