<?xml version="1.0" encoding="UTF-8"?>
<testsuite xmlns:xsi="http://www.w3.org/2001/XMLSchema-instance" xsi:noNamespaceSchemaLocation="https://maven.apache.org/surefire/maven-surefire-plugin/xsd/surefire-test-report.xsd" name="at.htl.beeyond.integration.application.template.TemplateApplicationTest" time="1.127" tests="12" errors="0" skipped="0" failures="0">
  <properties>
    <property name="awt.toolkit" value="sun.awt.X11.XToolkit"/>
    <property name="java.specification.version" value="11"/>
    <property name="sun.cpu.isalist" value=""/>
    <property name="sun.jnu.encoding" value="UTF-8"/>
    <property name="java.class.path" value="/home/runner/work/beeyond/beeyond/backend-beeyond/target/test-classes:/home/runner/work/beeyond/beeyond/backend-beeyond/target/classes:/home/runner/.m2/repository/io/quarkus/quarkus-resteasy-jsonb/1.10.3.Final/quarkus-resteasy-jsonb-1.10.3.Final.jar:/home/runner/.m2/repository/org/jboss/resteasy/resteasy-json-binding-provider/4.5.8.Final/resteasy-json-binding-provider-4.5.8.Final.jar:/home/runner/.m2/repository/jakarta/json/bind/jakarta.json.bind-api/1.0.2/jakarta.json.bind-api-1.0.2.jar:/home/runner/.m2/repository/org/jboss/logging/jboss-logging/3.4.1.Final/jboss-logging-3.4.1.Final.jar:/home/runner/.m2/repository/org/jboss/resteasy/resteasy-json-p-provider/4.5.8.Final/resteasy-json-p-provider-4.5.8.Final.jar:/home/runner/.m2/repository/commons-io/commons-io/2.8.0/commons-io-2.8.0.jar:/home/runner/.m2/repository/io/quarkus/quarkus-kotlin/1.10.3.Final/quarkus-kotlin-1.10.3.Final.jar:/home/runner/.m2/repository/io/quarkus/quarkus-resteasy/1.10.3.Final/quarkus-resteasy-1.10.3.Final.jar:/home/runner/.m2/repository/io/quarkus/quarkus-vertx-http/1.10.3.Final/quarkus-vertx-http-1.10.3.Final.jar:/home/runner/.m2/repository/io/quarkus/quarkus-security-runtime-spi/1.10.3.Final/quarkus-security-runtime-spi-1.10.3.Final.jar:/home/runner/.m2/repository/io/quarkus/quarkus-vertx-core/1.10.3.Final/quarkus-vertx-core-1.10.3.Final.jar:/home/runner/.m2/repository/io/quarkus/quarkus-netty/1.10.3.Final/quarkus-netty-1.10.3.Final.jar:/home/runner/.m2/repository/io/netty/netty-codec/4.1.49.Final/netty-codec-4.1.49.Final.jar:/home/runner/.m2/repository/io/netty/netty-handler/4.1.49.Final/netty-handler-4.1.49.Final.jar:/home/runner/.m2/repository/io/vertx/vertx-core/3.9.4/vertx-core-3.9.4.jar:/home/runner/.m2/repository/io/netty/netty-common/4.1.49.Final/netty-common-4.1.49.Final.jar:/home/runner/.m2/repository/io/netty/netty-buffer/4.1.49.Final/netty-buffer-4.1.49.Final.jar:/home/runner/.m2/repository/io/netty/netty-transport/4.1.49.Final/netty-transport-4.1.49.Final.jar:/home/runner/.m2/repository/io/netty/netty-handler-proxy/4.1.49.Final/netty-handler-proxy-4.1.49.Final.jar:/home/runner/.m2/repository/io/netty/netty-codec-socks/4.1.49.Final/netty-codec-socks-4.1.49.Final.jar:/home/runner/.m2/repository/io/netty/netty-codec-http/4.1.49.Final/netty-codec-http-4.1.49.Final.jar:/home/runner/.m2/repository/io/netty/netty-codec-http2/4.1.49.Final/netty-codec-http2-4.1.49.Final.jar:/home/runner/.m2/repository/io/netty/netty-resolver/4.1.49.Final/netty-resolver-4.1.49.Final.jar:/home/runner/.m2/repository/io/netty/netty-resolver-dns/4.1.49.Final/netty-resolver-dns-4.1.49.Final.jar:/home/runner/.m2/repository/io/netty/netty-codec-dns/4.1.49.Final/netty-codec-dns-4.1.49.Final.jar:/home/runner/.m2/repository/io/vertx/vertx-web/3.9.4/vertx-web-3.9.4.jar:/home/runner/.m2/repository/io/vertx/vertx-web-common/3.9.4/vertx-web-common-3.9.4.jar:/home/runner/.m2/repository/io/vertx/vertx-auth-common/3.9.4/vertx-auth-common-3.9.4.jar:/home/runner/.m2/repository/io/vertx/vertx-bridge-common/3.9.4/vertx-bridge-common-3.9.4.jar:/home/runner/.m2/repository/io/quarkus/quarkus-resteasy-server-common/1.10.3.Final/quarkus-resteasy-server-common-1.10.3.Final.jar:/home/runner/.m2/repository/jakarta/validation/jakarta.validation-api/2.0.2/jakarta.validation-api-2.0.2.jar:/home/runner/.m2/repository/io/quarkus/quarkus-arc/1.10.3.Final/quarkus-arc-1.10.3.Final.jar:/home/runner/.m2/repository/io/quarkus/arc/arc/1.10.3.Final/arc-1.10.3.Final.jar:/home/runner/.m2/repository/jakarta/transaction/jakarta.transaction-api/1.3.3/jakarta.transaction-api-1.3.3.jar:/home/runner/.m2/repository/io/quarkus/quarkus-core/1.10.3.Final/quarkus-core-1.10.3.Final.jar:/home/runner/.m2/repository/jakarta/inject/jakarta.inject-api/1.0/jakarta.inject-api-1.0.jar:/home/runner/.m2/repository/io/quarkus/quarkus-ide-launcher/1.10.3.Final/quarkus-ide-launcher-1.10.3.Final.jar:/home/runner/.m2/repository/io/quarkus/quarkus-development-mode-spi/1.10.3.Final/quarkus-development-mode-spi-1.10.3.Final.jar:/home/runner/.m2/repository/io/smallrye/config/smallrye-config/1.9.3/smallrye-config-1.9.3.jar:/home/runner/.m2/repository/io/smallrye/common/smallrye-common-annotation/1.4.1/smallrye-common-annotation-1.4.1.jar:/home/runner/.m2/repository/io/smallrye/common/smallrye-common-expression/1.4.1/smallrye-common-expression-1.4.1.jar:/home/runner/.m2/repository/io/smallrye/common/smallrye-common-function/1.4.1/smallrye-common-function-1.4.1.jar:/home/runner/.m2/repository/io/smallrye/common/smallrye-common-classloader/1.4.1/smallrye-common-classloader-1.4.1.jar:/home/runner/.m2/repository/org/ow2/asm/asm/9.0/asm-9.0.jar:/home/runner/.m2/repository/org/jboss/logmanager/jboss-logmanager-embedded/1.0.6/jboss-logmanager-embedded-1.0.6.jar:/home/runner/.m2/repository/org/jboss/logging/jboss-logging-annotations/2.1.0.Final/jboss-logging-annotations-2.1.0.Final.jar:/home/runner/.m2/repository/org/jboss/threads/jboss-threads/3.1.1.Final/jboss-threads-3.1.1.Final.jar:/home/runner/.m2/repository/org/jboss/slf4j/slf4j-jboss-logmanager/1.1.0.Final/slf4j-jboss-logmanager-1.1.0.Final.jar:/home/runner/.m2/repository/org/graalvm/sdk/graal-sdk/20.2.0/graal-sdk-20.2.0.jar:/home/runner/.m2/repository/org/wildfly/common/wildfly-common/1.5.4.Final-format-001/wildfly-common-1.5.4.Final-format-001.jar:/home/runner/.m2/repository/io/quarkus/quarkus-bootstrap-runner/1.10.3.Final/quarkus-bootstrap-runner-1.10.3.Final.jar:/home/runner/.m2/repository/org/eclipse/microprofile/context-propagation/microprofile-context-propagation-api/1.0.1/microprofile-context-propagation-api-1.0.1.jar:/home/runner/.m2/repository/io/quarkus/quarkus-junit5/1.10.3.Final/quarkus-junit5-1.10.3.Final.jar:/home/runner/.m2/repository/io/quarkus/quarkus-bootstrap-core/1.10.3.Final/quarkus-bootstrap-core-1.10.3.Final.jar:/home/runner/.m2/repository/io/quarkus/quarkus-bootstrap-app-model/1.10.3.Final/quarkus-bootstrap-app-model-1.10.3.Final.jar:/home/runner/.m2/repository/io/quarkus/quarkus-bootstrap-maven-resolver/1.10.3.Final/quarkus-bootstrap-maven-resolver-1.10.3.Final.jar:/home/runner/.m2/repository/org/apache/maven/maven-embedder/3.6.3/maven-embedder-3.6.3.jar:/home/runner/.m2/repository/org/apache/maven/maven-settings/3.6.3/maven-settings-3.6.3.jar:/home/runner/.m2/repository/org/apache/maven/maven-core/3.6.3/maven-core-3.6.3.jar:/home/runner/.m2/repository/org/apache/maven/maven-artifact/3.6.3/maven-artifact-3.6.3.jar:/home/runner/.m2/repository/org/codehaus/plexus/plexus-component-annotations/2.1.0/plexus-component-annotations-2.1.0.jar:/home/runner/.m2/repository/org/apache/maven/maven-plugin-api/3.6.3/maven-plugin-api-3.6.3.jar:/home/runner/.m2/repository/org/apache/maven/maven-model/3.6.3/maven-model-3.6.3.jar:/home/runner/.m2/repository/org/apache/maven/maven-model-builder/3.6.3/maven-model-builder-3.6.3.jar:/home/runner/.m2/repository/org/apache/maven/maven-builder-support/3.6.3/maven-builder-support-3.6.3.jar:/home/runner/.m2/repository/org/apache/maven/resolver/maven-resolver-api/1.4.1/maven-resolver-api-1.4.1.jar:/home/runner/.m2/repository/org/apache/maven/resolver/maven-resolver-util/1.4.1/maven-resolver-util-1.4.1.jar:/home/runner/.m2/repository/org/apache/maven/shared/maven-shared-utils/3.2.1/maven-shared-utils-3.2.1.jar:/home/runner/.m2/repository/com/google/inject/guice/4.2.1/guice-4.2.1-no_aop.jar:/home/runner/.m2/repository/com/google/guava/guava/30.0-jre/guava-30.0-jre.jar:/home/runner/.m2/repository/com/google/guava/failureaccess/1.0.1/failureaccess-1.0.1.jar:/home/runner/.m2/repository/com/google/guava/listenablefuture/9999.0-empty-to-avoid-conflict-with-guava/listenablefuture-9999.0-empty-to-avoid-conflict-with-guava.jar:/home/runner/.m2/repository/org/codehaus/plexus/plexus-utils/3.2.1/plexus-utils-3.2.1.jar:/home/runner/.m2/repository/org/codehaus/plexus/plexus-classworlds/2.6.0/plexus-classworlds-2.6.0.jar:/home/runner/.m2/repository/commons-cli/commons-cli/1.4/commons-cli-1.4.jar:/home/runner/.m2/repository/org/apache/commons/commons-lang3/3.9/commons-lang3-3.9.jar:/home/runner/.m2/repository/org/eclipse/sisu/org.eclipse.sisu.plexus/0.3.4/org.eclipse.sisu.plexus-0.3.4.jar:/home/runner/.m2/repository/org/apache/maven/maven-settings-builder/3.6.3/maven-settings-builder-3.6.3.jar:/home/runner/.m2/repository/org/codehaus/plexus/plexus-interpolation/1.25/plexus-interpolation-1.25.jar:/home/runner/.m2/repository/org/sonatype/plexus/plexus-sec-dispatcher/1.4/plexus-sec-dispatcher-1.4.jar:/home/runner/.m2/repository/org/sonatype/plexus/plexus-cipher/1.4/plexus-cipher-1.4.jar:/home/runner/.m2/repository/org/apache/maven/maven-resolver-provider/3.6.3/maven-resolver-provider-3.6.3.jar:/home/runner/.m2/repository/org/apache/maven/maven-repository-metadata/3.6.3/maven-repository-metadata-3.6.3.jar:/home/runner/.m2/repository/org/apache/maven/resolver/maven-resolver-spi/1.4.1/maven-resolver-spi-1.4.1.jar:/home/runner/.m2/repository/org/apache/maven/resolver/maven-resolver-impl/1.4.1/maven-resolver-impl-1.4.1.jar:/home/runner/.m2/repository/org/apache/maven/resolver/maven-resolver-connector-basic/1.4.1/maven-resolver-connector-basic-1.4.1.jar:/home/runner/.m2/repository/org/apache/maven/resolver/maven-resolver-transport-wagon/1.4.1/maven-resolver-transport-wagon-1.4.1.jar:/home/runner/.m2/repository/org/apache/maven/wagon/wagon-http/3.3.4/wagon-http-3.3.4.jar:/home/runner/.m2/repository/org/apache/maven/wagon/wagon-http-shared/3.3.4/wagon-http-shared-3.3.4.jar:/home/runner/.m2/repository/org/jsoup/jsoup/1.12.1/jsoup-1.12.1.jar:/home/runner/.m2/repository/org/apache/maven/wagon/wagon-provider-api/3.3.4/wagon-provider-api-3.3.4.jar:/home/runner/.m2/repository/org/apache/maven/wagon/wagon-file/3.3.4/wagon-file-3.3.4.jar:/home/runner/.m2/repository/io/quarkus/quarkus-bootstrap-gradle-resolver/1.10.3.Final/quarkus-bootstrap-gradle-resolver-1.10.3.Final.jar:/home/runner/.m2/repository/io/smallrye/common/smallrye-common-io/1.4.1/smallrye-common-io-1.4.1.jar:/home/runner/.m2/repository/org/eclipse/sisu/org.eclipse.sisu.inject/0.3.4/org.eclipse.sisu.inject-0.3.4.jar:/home/runner/.m2/repository/io/quarkus/quarkus-test-common/1.10.3.Final/quarkus-test-common-1.10.3.Final.jar:/home/runner/.m2/repository/io/quarkus/quarkus-core-deployment/1.10.3.Final/quarkus-core-deployment-1.10.3.Final.jar:/home/runner/.m2/repository/io/quarkus/gizmo/gizmo/1.0.6.Final/gizmo-1.0.6.Final.jar:/home/runner/.m2/repository/org/ow2/asm/asm-util/9.0/asm-util-9.0.jar:/home/runner/.m2/repository/org/ow2/asm/asm-tree/9.0/asm-tree-9.0.jar:/home/runner/.m2/repository/org/ow2/asm/asm-analysis/9.0/asm-analysis-9.0.jar:/home/runner/.m2/repository/io/quarkus/quarkus-devtools-utilities/1.10.3.Final/quarkus-devtools-utilities-1.10.3.Final.jar:/home/runner/.m2/repository/io/quarkus/quarkus-builder/1.10.3.Final/quarkus-builder-1.10.3.Final.jar:/home/runner/.m2/repository/io/quarkus/quarkus-jsonp-deployment/1.10.3.Final/quarkus-jsonp-deployment-1.10.3.Final.jar:/home/runner/.m2/repository/org/jboss/jandex/2.2.1.Final/jandex-2.2.1.Final.jar:/home/runner/.m2/repository/org/junit/jupiter/junit-jupiter/5.7.0/junit-jupiter-5.7.0.jar:/home/runner/.m2/repository/org/junit/jupiter/junit-jupiter-params/5.7.0/junit-jupiter-params-5.7.0.jar:/home/runner/.m2/repository/com/thoughtworks/xstream/xstream/1.4.11/xstream-1.4.11.jar:/home/runner/.m2/repository/xmlpull/xmlpull/1.1.3.1/xmlpull-1.1.3.1.jar:/home/runner/.m2/repository/xpp3/xpp3_min/1.1.4c/xpp3_min-1.1.4c.jar:/home/runner/.m2/repository/org/jetbrains/kotlin/kotlin-stdlib-jdk8/1.3.72/kotlin-stdlib-jdk8-1.3.72.jar:/home/runner/.m2/repository/org/jetbrains/kotlin/kotlin-stdlib/1.3.72/kotlin-stdlib-1.3.72.jar:/home/runner/.m2/repository/org/jetbrains/kotlin/kotlin-stdlib-common/1.3.72/kotlin-stdlib-common-1.3.72.jar:/home/runner/.m2/repository/org/jetbrains/annotations/13.0/annotations-13.0.jar:/home/runner/.m2/repository/org/jetbrains/kotlin/kotlin-stdlib-jdk7/1.3.72/kotlin-stdlib-jdk7-1.3.72.jar:/home/runner/.m2/repository/io/quarkus/quarkus-hibernate-validator/1.10.3.Final/quarkus-hibernate-validator-1.10.3.Final.jar:/home/runner/.m2/repository/org/hibernate/validator/hibernate-validator/6.1.6.Final/hibernate-validator-6.1.6.Final.jar:/home/runner/.m2/repository/com/fasterxml/classmate/1.3.4/classmate-1.3.4.jar:/home/runner/.m2/repository/org/glassfish/jakarta.el/3.0.3/jakarta.el-3.0.3.jar:/home/runner/.m2/repository/io/quarkus/quarkus-kubernetes-client/1.10.3.Final/quarkus-kubernetes-client-1.10.3.Final.jar:/home/runner/.m2/repository/io/quarkus/quarkus-kubernetes-client-internal/1.10.3.Final/quarkus-kubernetes-client-internal-1.10.3.Final.jar:/home/runner/.m2/repository/io/quarkus/quarkus-jackson/1.10.3.Final/quarkus-jackson-1.10.3.Final.jar:/home/runner/.m2/repository/com/fasterxml/jackson/core/jackson-databind/2.11.3/jackson-databind-2.11.3.jar:/home/runner/.m2/repository/com/fasterxml/jackson/datatype/jackson-datatype-jsr310/2.11.3/jackson-datatype-jsr310-2.11.3.jar:/home/runner/.m2/repository/com/fasterxml/jackson/datatype/jackson-datatype-jdk8/2.11.3/jackson-datatype-jdk8-2.11.3.jar:/home/runner/.m2/repository/com/fasterxml/jackson/module/jackson-module-parameter-names/2.11.3/jackson-module-parameter-names-2.11.3.jar:/home/runner/.m2/repository/io/fabric8/kubernetes-client/4.12.0/kubernetes-client-4.12.0.jar:/home/runner/.m2/repository/io/fabric8/kubernetes-model-core/4.12.0/kubernetes-model-core-4.12.0.jar:/home/runner/.m2/repository/io/fabric8/kubernetes-model-common/4.12.0/kubernetes-model-common-4.12.0.jar:/home/runner/.m2/repository/com/fasterxml/jackson/module/jackson-module-jaxb-annotations/2.11.3/jackson-module-jaxb-annotations-2.11.3.jar:/home/runner/.m2/repository/jakarta/activation/jakarta.activation-api/1.2.1/jakarta.activation-api-1.2.1.jar:/home/runner/.m2/repository/io/fabric8/kubernetes-model-rbac/4.12.0/kubernetes-model-rbac-4.12.0.jar:/home/runner/.m2/repository/io/fabric8/kubernetes-model-admissionregistration/4.12.0/kubernetes-model-admissionregistration-4.12.0.jar:/home/runner/.m2/repository/io/fabric8/kubernetes-model-apps/4.12.0/kubernetes-model-apps-4.12.0.jar:/home/runner/.m2/repository/io/fabric8/kubernetes-model-autoscaling/4.12.0/kubernetes-model-autoscaling-4.12.0.jar:/home/runner/.m2/repository/io/fabric8/kubernetes-model-apiextensions/4.12.0/kubernetes-model-apiextensions-4.12.0.jar:/home/runner/.m2/repository/io/fabric8/kubernetes-model-batch/4.12.0/kubernetes-model-batch-4.12.0.jar:/home/runner/.m2/repository/io/fabric8/kubernetes-model-certificates/4.12.0/kubernetes-model-certificates-4.12.0.jar:/home/runner/.m2/repository/io/fabric8/kubernetes-model-coordination/4.12.0/kubernetes-model-coordination-4.12.0.jar:/home/runner/.m2/repository/io/fabric8/kubernetes-model-discovery/4.12.0/kubernetes-model-discovery-4.12.0.jar:/home/runner/.m2/repository/io/fabric8/kubernetes-model-events/4.12.0/kubernetes-model-events-4.12.0.jar:/home/runner/.m2/repository/io/fabric8/kubernetes-model-extensions/4.12.0/kubernetes-model-extensions-4.12.0.jar:/home/runner/.m2/repository/io/fabric8/kubernetes-model-networking/4.12.0/kubernetes-model-networking-4.12.0.jar:/home/runner/.m2/repository/io/fabric8/kubernetes-model-metrics/4.12.0/kubernetes-model-metrics-4.12.0.jar:/home/runner/.m2/repository/io/fabric8/kubernetes-model-policy/4.12.0/kubernetes-model-policy-4.12.0.jar:/home/runner/.m2/repository/io/fabric8/kubernetes-model-scheduling/4.12.0/kubernetes-model-scheduling-4.12.0.jar:/home/runner/.m2/repository/io/fabric8/kubernetes-model-settings/4.12.0/kubernetes-model-settings-4.12.0.jar:/home/runner/.m2/repository/io/fabric8/kubernetes-model-storageclass/4.12.0/kubernetes-model-storageclass-4.12.0.jar:/home/runner/.m2/repository/com/squareup/okhttp3/okhttp/3.14.9/okhttp-3.14.9.jar:/home/runner/.m2/repository/com/squareup/okio/okio/1.17.2/okio-1.17.2.jar:/home/runner/.m2/repository/com/squareup/okhttp3/logging-interceptor/3.14.9/logging-interceptor-3.14.9.jar:/home/runner/.m2/repository/com/fasterxml/jackson/dataformat/jackson-dataformat-yaml/2.11.3/jackson-dataformat-yaml-2.11.3.jar:/home/runner/.m2/repository/com/fasterxml/jackson/core/jackson-core/2.11.3/jackson-core-2.11.3.jar:/home/runner/.m2/repository/io/fabric8/zjsonpatch/0.3.0/zjsonpatch-0.3.0.jar:/home/runner/.m2/repository/com/github/mifmif/generex/1.0.2/generex-1.0.2.jar:/home/runner/.m2/repository/dk/brics/automaton/automaton/1.11-8/automaton-1.11-8.jar:/home/runner/.m2/repository/org/apache/commons/commons-compress/1.20/commons-compress-1.20.jar:/home/runner/.m2/repository/jakarta/annotation/jakarta.annotation-api/1.3.5/jakarta.annotation-api-1.3.5.jar:/home/runner/.m2/repository/org/jboss/spec/javax/xml/bind/jboss-jaxb-api_2.3_spec/2.0.0.Final/jboss-jaxb-api_2.3_spec-2.0.0.Final.jar:/home/runner/.m2/repository/io/smallrye/config/smallrye-config-source-yaml/1.9.3/smallrye-config-source-yaml-1.9.3.jar:/home/runner/.m2/repository/io/smallrye/config/smallrye-config-common/1.9.3/smallrye-config-common-1.9.3.jar:/home/runner/.m2/repository/io/smallrye/common/smallrye-common-constraint/1.4.1/smallrye-common-constraint-1.4.1.jar:/home/runner/.m2/repository/org/yaml/snakeyaml/1.26/snakeyaml-1.26.jar:/home/runner/.m2/repository/io/quarkus/quarkus-jsonb/1.10.3.Final/quarkus-jsonb-1.10.3.Final.jar:/home/runner/.m2/repository/org/eclipse/yasson/1.0.8/yasson-1.0.8.jar:/home/runner/.m2/repository/io/quarkus/quarkus-jsonp/1.10.3.Final/quarkus-jsonp-1.10.3.Final.jar:/home/runner/.m2/repository/org/glassfish/jakarta.json/1.1.6/jakarta.json-1.1.6.jar:/home/runner/.m2/repository/io/quarkus/quarkus-hibernate-orm-panache/1.10.3.Final/quarkus-hibernate-orm-panache-1.10.3.Final.jar:/home/runner/.m2/repository/io/quarkus/quarkus-hibernate-orm/1.10.3.Final/quarkus-hibernate-orm-1.10.3.Final.jar:/home/runner/.m2/repository/io/quarkus/quarkus-agroal/1.10.3.Final/quarkus-agroal-1.10.3.Final.jar:/home/runner/.m2/repository/io/quarkus/quarkus-datasource/1.10.3.Final/quarkus-datasource-1.10.3.Final.jar:/home/runner/.m2/repository/io/quarkus/quarkus-datasource-common/1.10.3.Final/quarkus-datasource-common-1.10.3.Final.jar:/home/runner/.m2/repository/org/jboss/narayana/jta/narayana-jta/5.10.6.Final/narayana-jta-5.10.6.Final.jar:/home/runner/.m2/repository/org/jboss/jboss-transaction-spi/7.6.0.Final/jboss-transaction-spi-7.6.0.Final.jar:/home/runner/.m2/repository/org/jboss/spec/javax/resource/jboss-connector-api_1.7_spec/1.0.0.Final/jboss-connector-api_1.7_spec-1.0.0.Final.jar:/home/runner/.m2/repository/org/jboss/narayana/jts/narayana-jts-integration/5.10.6.Final/narayana-jts-integration-5.10.6.Final.jar:/home/runner/.m2/repository/io/agroal/agroal-api/1.9/agroal-api-1.9.jar:/home/runner/.m2/repository/io/agroal/agroal-narayana/1.9/agroal-narayana-1.9.jar:/home/runner/.m2/repository/io/agroal/agroal-pool/1.9/agroal-pool-1.9.jar:/home/runner/.m2/repository/io/quarkus/quarkus-credentials/1.10.3.Final/quarkus-credentials-1.10.3.Final.jar:/home/runner/.m2/repository/io/quarkus/quarkus-narayana-jta/1.10.3.Final/quarkus-narayana-jta-1.10.3.Final.jar:/home/runner/.m2/repository/io/quarkus/quarkus-mutiny/1.10.3.Final/quarkus-mutiny-1.10.3.Final.jar:/home/runner/.m2/repository/io/quarkus/quarkus-smallrye-context-propagation/1.10.3.Final/quarkus-smallrye-context-propagation-1.10.3.Final.jar:/home/runner/.m2/repository/io/smallrye/smallrye-context-propagation/1.0.19/smallrye-context-propagation-1.0.19.jar:/home/runner/.m2/repository/io/smallrye/smallrye-context-propagation-api/1.0.19/smallrye-context-propagation-api-1.0.19.jar:/home/runner/.m2/repository/io/smallrye/reactive/mutiny-context-propagation/0.11.0/mutiny-context-propagation-0.11.0.jar:/home/runner/.m2/repository/io/smallrye/smallrye-context-propagation-jta/1.0.19/smallrye-context-propagation-jta-1.0.19.jar:/home/runner/.m2/repository/io/smallrye/reactive/smallrye-reactive-converter-api/1.2.2/smallrye-reactive-converter-api-1.2.2.jar:/home/runner/.m2/repository/io/smallrye/reactive/smallrye-reactive-converter-mutiny/1.2.2/smallrye-reactive-converter-mutiny-1.2.2.jar:/home/runner/.m2/repository/org/hibernate/hibernate-core/5.4.24.Final/hibernate-core-5.4.24.Final.jar:/home/runner/.m2/repository/net/bytebuddy/byte-buddy/1.10.17/byte-buddy-1.10.17.jar:/home/runner/.m2/repository/antlr/antlr/2.7.7/antlr-2.7.7.jar:/home/runner/.m2/repository/org/dom4j/dom4j/2.1.3/dom4j-2.1.3.jar:/home/runner/.m2/repository/org/hibernate/common/hibernate-commons-annotations/5.1.2.Final/hibernate-commons-annotations-5.1.2.Final.jar:/home/runner/.m2/repository/org/hibernate/hibernate-graalvm/5.4.24.Final/hibernate-graalvm-5.4.24.Final.jar:/home/runner/.m2/repository/org/glassfish/jaxb/jaxb-runtime/2.3.3-b02/jaxb-runtime-2.3.3-b02.jar:/home/runner/.m2/repository/org/glassfish/jaxb/txw2/2.3.3-b02/txw2-2.3.3-b02.jar:/home/runner/.m2/repository/com/sun/istack/istack-commons-runtime/3.0.10/istack-commons-runtime-3.0.10.jar:/home/runner/.m2/repository/jakarta/persistence/jakarta.persistence-api/2.2.3/jakarta.persistence-api-2.2.3.jar:/home/runner/.m2/repository/org/hibernate/quarkus-local-cache/0.1.0/quarkus-local-cache-0.1.0.jar:/home/runner/.m2/repository/com/github/ben-manes/caffeine/caffeine/2.8.6/caffeine-2.8.6.jar:/home/runner/.m2/repository/com/google/errorprone/error_prone_annotations/2.2.0/error_prone_annotations-2.2.0.jar:/home/runner/.m2/repository/io/quarkus/quarkus-caffeine/1.10.3.Final/quarkus-caffeine-1.10.3.Final.jar:/home/runner/.m2/repository/io/quarkus/quarkus-hibernate-orm-panache-common/1.10.3.Final/quarkus-hibernate-orm-panache-common-1.10.3.Final.jar:/home/runner/.m2/repository/io/quarkus/quarkus-panache-hibernate-common/1.10.3.Final/quarkus-panache-hibernate-common-1.10.3.Final.jar:/home/runner/.m2/repository/io/quarkus/quarkus-panache-common/1.10.3.Final/quarkus-panache-common-1.10.3.Final.jar:/home/runner/.m2/repository/io/quarkus/quarkus-jdbc-postgresql/1.10.3.Final/quarkus-jdbc-postgresql-1.10.3.Final.jar:/home/runner/.m2/repository/io/quarkus/quarkus-keycloak-authorization/1.10.3.Final/quarkus-keycloak-authorization-1.10.3.Final.jar:/home/runner/.m2/repository/io/quarkus/quarkus-oidc/1.10.3.Final/quarkus-oidc-1.10.3.Final.jar:/home/runner/.m2/repository/io/smallrye/smallrye-jwt/2.3.1/smallrye-jwt-2.3.1.jar:/home/runner/.m2/repository/org/eclipse/microprofile/jwt/microprofile-jwt-auth-api/1.1.1/microprofile-jwt-auth-api-1.1.1.jar:/home/runner/.m2/repository/org/bitbucket/b_c/jose4j/0.7.2/jose4j-0.7.2.jar:/home/runner/.m2/repository/io/vertx/vertx-auth-oauth2/3.9.4/vertx-auth-oauth2-3.9.4.jar:/home/runner/.m2/repository/io/vertx/vertx-jwt/3.9.4/vertx-jwt-3.9.4.jar:/home/runner/.m2/repository/org/keycloak/keycloak-adapter-core/11.0.3/keycloak-adapter-core-11.0.3.jar:/home/runner/.m2/repository/org/keycloak/keycloak-core/11.0.3/keycloak-core-11.0.3.jar:/home/runner/.m2/repository/org/keycloak/keycloak-common/11.0.3/keycloak-common-11.0.3.jar:/home/runner/.m2/repository/org/bouncycastle/bcprov-jdk15on/1.66/bcprov-jdk15on-1.66.jar:/home/runner/.m2/repository/org/bouncycastle/bcpkix-jdk15on/1.66/bcpkix-jdk15on-1.66.jar:/home/runner/.m2/repository/org/keycloak/keycloak-adapter-spi/11.0.3/keycloak-adapter-spi-11.0.3.jar:/home/runner/.m2/repository/org/keycloak/keycloak-authz-client/11.0.3/keycloak-authz-client-11.0.3.jar:/home/runner/.m2/repository/org/jboss/logging/commons-logging-jboss-logging/1.0.0.Final/commons-logging-jboss-logging-1.0.0.Final.jar:/home/runner/.m2/repository/io/quarkus/quarkus-rest-client/1.10.3.Final/quarkus-rest-client-1.10.3.Final.jar:/home/runner/.m2/repository/io/quarkus/quarkus-resteasy-common/1.10.3.Final/quarkus-resteasy-common-1.10.3.Final.jar:/home/runner/.m2/repository/org/jboss/resteasy/resteasy-core/4.5.8.Final/resteasy-core-4.5.8.Final.jar:/home/runner/.m2/repository/org/jboss/spec/javax/ws/rs/jboss-jaxrs-api_2.1_spec/2.0.1.Final/jboss-jaxrs-api_2.1_spec-2.0.1.Final.jar:/home/runner/.m2/repository/org/jboss/resteasy/resteasy-core-spi/4.5.8.Final/resteasy-core-spi-4.5.8.Final.jar:/home/runner/.m2/repository/org/reactivestreams/reactive-streams/1.0.3/reactive-streams-1.0.3.jar:/home/runner/.m2/repository/com/ibm/async/asyncutil/0.1.0/asyncutil-0.1.0.jar:/home/runner/.m2/repository/com/sun/activation/jakarta.activation/1.2.1/jakarta.activation-1.2.1.jar:/home/runner/.m2/repository/org/jboss/resteasy/resteasy-client-microprofile/4.5.8.Final/resteasy-client-microprofile-4.5.8.Final.jar:/home/runner/.m2/repository/org/jboss/resteasy/resteasy-client/4.5.8.Final/resteasy-client-4.5.8.Final.jar:/home/runner/.m2/repository/org/jboss/resteasy/resteasy-client-api/4.5.8.Final/resteasy-client-api-4.5.8.Final.jar:/home/runner/.m2/repository/org/eclipse/microprofile/rest/client/microprofile-rest-client-api/1.4.1/microprofile-rest-client-api-1.4.1.jar:/home/runner/.m2/repository/jakarta/interceptor/jakarta.interceptor-api/1.2.5/jakarta.interceptor-api-1.2.5.jar:/home/runner/.m2/repository/org/apache/httpcomponents/httpasyncclient/4.1.4/httpasyncclient-4.1.4.jar:/home/runner/.m2/repository/org/apache/httpcomponents/httpcore/4.4.13/httpcore-4.4.13.jar:/home/runner/.m2/repository/org/apache/httpcomponents/httpcore-nio/4.4.13/httpcore-nio-4.4.13.jar:/home/runner/.m2/repository/io/quarkus/quarkus-smallrye-openapi/1.10.3.Final/quarkus-smallrye-openapi-1.10.3.Final.jar:/home/runner/.m2/repository/io/smallrye/smallrye-open-api-core/2.0.16/smallrye-open-api-core-2.0.16.jar:/home/runner/.m2/repository/org/eclipse/microprofile/openapi/microprofile-openapi-api/1.1.2/microprofile-openapi-api-1.1.2.jar:/home/runner/.m2/repository/org/eclipse/microprofile/config/microprofile-config-api/1.4/microprofile-config-api-1.4.jar:/home/runner/.m2/repository/io/quarkus/quarkus-swagger-ui/1.10.3.Final/quarkus-swagger-ui-1.10.3.Final.jar:/home/runner/.m2/repository/com/intuit/karate/karate-apache/0.9.6/karate-apache-0.9.6.jar:/home/runner/.m2/repository/com/intuit/karate/karate-core/0.9.6/karate-core-0.9.6.jar:/home/runner/.m2/repository/com/jayway/jsonpath/json-path/2.4.0/json-path-2.4.0.jar:/home/runner/.m2/repository/net/minidev/json-smart/2.3/json-smart-2.3.jar:/home/runner/.m2/repository/net/minidev/accessors-smart/1.2/accessors-smart-1.2.jar:/home/runner/.m2/repository/info/cukes/cucumber-java/1.2.5/cucumber-java-1.2.5.jar:/home/runner/.m2/repository/info/cukes/cucumber-core/1.2.5/cucumber-core-1.2.5.jar:/home/runner/.m2/repository/de/siegmar/fastcsv/1.0.3/fastcsv-1.0.3.jar:/home/runner/.m2/repository/info/picocli/picocli/4.5.2/picocli-4.5.2.jar:/home/runner/.m2/repository/org/apache/httpcomponents/httpclient/4.5.13/httpclient-4.5.13.jar:/home/runner/.m2/repository/commons-codec/commons-codec/1.14/commons-codec-1.14.jar:/home/runner/.m2/repository/org/apache/httpcomponents/httpmime/4.5.13/httpmime-4.5.13.jar:/home/runner/.m2/repository/org/slf4j/jcl-over-slf4j/1.7.30/jcl-over-slf4j-1.7.30.jar:/home/runner/.m2/repository/ch/qos/logback/logback-classic/1.2.3/logback-classic-1.2.3.jar:/home/runner/.m2/repository/ch/qos/logback/logback-core/1.2.3/logback-core-1.2.3.jar:/home/runner/.m2/repository/com/intuit/karate/karate-junit5/0.9.6/karate-junit5-0.9.6.jar:/home/runner/.m2/repository/org/junit/jupiter/junit-jupiter-api/5.7.0/junit-jupiter-api-5.7.0.jar:/home/runner/.m2/repository/org/apiguardian/apiguardian-api/1.1.0/apiguardian-api-1.1.0.jar:/home/runner/.m2/repository/org/opentest4j/opentest4j/1.2.0/opentest4j-1.2.0.jar:/home/runner/.m2/repository/org/junit/platform/junit-platform-commons/1.7.0/junit-platform-commons-1.7.0.jar:/home/runner/.m2/repository/org/junit/jupiter/junit-jupiter-engine/5.7.0/junit-jupiter-engine-5.7.0.jar:/home/runner/.m2/repository/org/junit/platform/junit-platform-engine/1.7.0/junit-platform-engine-1.7.0.jar:/home/runner/.m2/repository/org/testcontainers/testcontainers/1.15.1/testcontainers-1.15.1.jar:/home/runner/.m2/repository/junit/junit/4.12/junit-4.12.jar:/home/runner/.m2/repository/org/hamcrest/hamcrest-core/1.3/hamcrest-core-1.3.jar:/home/runner/.m2/repository/org/slf4j/slf4j-api/1.7.30/slf4j-api-1.7.30.jar:/home/runner/.m2/repository/org/rnorth/duct-tape/duct-tape/1.0.8/duct-tape-1.0.8.jar:/home/runner/.m2/repository/org/rnorth/visible-assertions/visible-assertions/2.1.2/visible-assertions-2.1.2.jar:/home/runner/.m2/repository/net/java/dev/jna/jna/5.3.1/jna-5.3.1.jar:/home/runner/.m2/repository/com/github/docker-java/docker-java-api/3.2.7/docker-java-api-3.2.7.jar:/home/runner/.m2/repository/com/fasterxml/jackson/core/jackson-annotations/2.11.3/jackson-annotations-2.11.3.jar:/home/runner/.m2/repository/com/github/docker-java/docker-java-transport-zerodep/3.2.7/docker-java-transport-zerodep-3.2.7.jar:/home/runner/.m2/repository/com/github/docker-java/docker-java-transport/3.2.7/docker-java-transport-3.2.7.jar:/home/runner/.m2/repository/org/testcontainers/postgresql/1.15.1/postgresql-1.15.1.jar:/home/runner/.m2/repository/org/testcontainers/jdbc/1.15.1/jdbc-1.15.1.jar:/home/runner/.m2/repository/org/testcontainers/database-commons/1.15.1/database-commons-1.15.1.jar:/home/runner/.m2/repository/io/quarkus/quarkus-test-security/1.10.3.Final/quarkus-test-security-1.10.3.Final.jar:/home/runner/.m2/repository/io/quarkus/quarkus-security/1.10.3.Final/quarkus-security-1.10.3.Final.jar:/home/runner/.m2/repository/org/postgresql/postgresql/42.2.18/postgresql-42.2.18.jar:/home/runner/.m2/repository/io/quarkus/quarkus-elytron-security-properties-file/1.10.3.Final/quarkus-elytron-security-properties-file-1.10.3.Final.jar:/home/runner/.m2/repository/io/quarkus/quarkus-elytron-security/1.10.3.Final/quarkus-elytron-security-1.10.3.Final.jar:/home/runner/.m2/repository/io/quarkus/quarkus-elytron-security-common/1.10.3.Final/quarkus-elytron-security-common-1.10.3.Final.jar:/home/runner/.m2/repository/org/wildfly/security/wildfly-elytron-auth-server/1.13.1.Final/wildfly-elytron-auth-server-1.13.1.Final.jar:/home/runner/.m2/repository/org/wildfly/security/wildfly-elytron-auth/1.13.1.Final/wildfly-elytron-auth-1.13.1.Final.jar:/home/runner/.m2/repository/org/wildfly/security/wildfly-elytron-base/1.13.1.Final/wildfly-elytron-base-1.13.1.Final.jar:/home/runner/.m2/repository/org/wildfly/security/wildfly-elytron-credential/1.13.1.Final/wildfly-elytron-credential-1.13.1.Final.jar:/home/runner/.m2/repository/org/wildfly/security/wildfly-elytron-asn1/1.13.1.Final/wildfly-elytron-asn1-1.13.1.Final.jar:/home/runner/.m2/repository/org/wildfly/security/wildfly-elytron-keystore/1.13.1.Final/wildfly-elytron-keystore-1.13.1.Final.jar:/home/runner/.m2/repository/org/wildfly/security/wildfly-elytron-provider-util/1.13.1.Final/wildfly-elytron-provider-util-1.13.1.Final.jar:/home/runner/.m2/repository/org/wildfly/security/wildfly-elytron-permission/1.13.1.Final/wildfly-elytron-permission-1.13.1.Final.jar:/home/runner/.m2/repository/org/wildfly/security/wildfly-elytron-util/1.13.1.Final/wildfly-elytron-util-1.13.1.Final.jar:/home/runner/.m2/repository/org/wildfly/security/wildfly-elytron-x500/1.13.1.Final/wildfly-elytron-x500-1.13.1.Final.jar:/home/runner/.m2/repository/org/wildfly/security/wildfly-elytron-password-impl/1.13.1.Final/wildfly-elytron-password-impl-1.13.1.Final.jar:/home/runner/.m2/repository/org/wildfly/security/wildfly-elytron-realm/1.13.1.Final/wildfly-elytron-realm-1.13.1.Final.jar:/home/runner/.m2/repository/io/quarkus/security/quarkus-security/1.1.3.Final/quarkus-security-1.1.3.Final.jar:/home/runner/.m2/repository/io/smallrye/reactive/mutiny/0.11.0/mutiny-0.11.0.jar:/home/runner/.m2/repository/jakarta/enterprise/jakarta.enterprise.cdi-api/2.0.2/jakarta.enterprise.cdi-api-2.0.2.jar:/home/runner/.m2/repository/jakarta/el/jakarta.el-api/3.0.3/jakarta.el-api-3.0.3.jar:/home/runner/.m2/repository/jakarta/security/jacc/jakarta.security.jacc-api/1.6.1/jakarta.security.jacc-api-1.6.1.jar:/home/runner/.m2/repository/jakarta/servlet/jakarta.servlet-api/4.0.3/jakarta.servlet-api-4.0.3.jar:/home/runner/.m2/repository/jakarta/security/auth/message/jakarta.security.auth.message-api/1.1.3/jakarta.security.auth.message-api-1.1.3.jar:"/>
    <property name="java.vm.vendor" value="Azul Systems, Inc."/>
    <property name="sun.arch.data.model" value="64"/>
    <property name="java.vendor.url" value="http://www.azulsystems.com/"/>
    <property name="user.timezone" value=""/>
    <property name="java.vm.specification.version" value="11"/>
    <property name="os.name" value="Linux"/>
    <property name="sun.java.launcher" value="SUN_STANDARD"/>
    <property name="sun.boot.library.path" value="/opt/hostedtoolcache/jdk/11.0.10/x64/lib"/>
    <property name="sun.java.command" value="/home/runner/work/beeyond/beeyond/backend-beeyond/target/surefire/surefirebooter13161436173533738977.jar /home/runner/work/beeyond/beeyond/backend-beeyond/target/surefire 2021-03-28T13-30-29_758-jvmRun1 surefire18139112423864872824tmp surefire_017386377083141126915tmp"/>
    <property name="jdk.debug" value="release"/>
    <property name="maven.home" value="/home/runner/.m2/wrapper/dists/apache-maven-3.6.3-bin/1iopthnavndlasol9gbrbg6bf2/apache-maven-3.6.3"/>
    <property name="surefire.test.class.path" value="/home/runner/work/beeyond/beeyond/backend-beeyond/target/test-classes:/home/runner/work/beeyond/beeyond/backend-beeyond/target/classes:/home/runner/.m2/repository/io/quarkus/quarkus-resteasy-jsonb/1.10.3.Final/quarkus-resteasy-jsonb-1.10.3.Final.jar:/home/runner/.m2/repository/org/jboss/resteasy/resteasy-json-binding-provider/4.5.8.Final/resteasy-json-binding-provider-4.5.8.Final.jar:/home/runner/.m2/repository/jakarta/json/bind/jakarta.json.bind-api/1.0.2/jakarta.json.bind-api-1.0.2.jar:/home/runner/.m2/repository/org/jboss/logging/jboss-logging/3.4.1.Final/jboss-logging-3.4.1.Final.jar:/home/runner/.m2/repository/org/jboss/resteasy/resteasy-json-p-provider/4.5.8.Final/resteasy-json-p-provider-4.5.8.Final.jar:/home/runner/.m2/repository/commons-io/commons-io/2.8.0/commons-io-2.8.0.jar:/home/runner/.m2/repository/io/quarkus/quarkus-kotlin/1.10.3.Final/quarkus-kotlin-1.10.3.Final.jar:/home/runner/.m2/repository/io/quarkus/quarkus-resteasy/1.10.3.Final/quarkus-resteasy-1.10.3.Final.jar:/home/runner/.m2/repository/io/quarkus/quarkus-vertx-http/1.10.3.Final/quarkus-vertx-http-1.10.3.Final.jar:/home/runner/.m2/repository/io/quarkus/quarkus-security-runtime-spi/1.10.3.Final/quarkus-security-runtime-spi-1.10.3.Final.jar:/home/runner/.m2/repository/io/quarkus/quarkus-vertx-core/1.10.3.Final/quarkus-vertx-core-1.10.3.Final.jar:/home/runner/.m2/repository/io/quarkus/quarkus-netty/1.10.3.Final/quarkus-netty-1.10.3.Final.jar:/home/runner/.m2/repository/io/netty/netty-codec/4.1.49.Final/netty-codec-4.1.49.Final.jar:/home/runner/.m2/repository/io/netty/netty-handler/4.1.49.Final/netty-handler-4.1.49.Final.jar:/home/runner/.m2/repository/io/vertx/vertx-core/3.9.4/vertx-core-3.9.4.jar:/home/runner/.m2/repository/io/netty/netty-common/4.1.49.Final/netty-common-4.1.49.Final.jar:/home/runner/.m2/repository/io/netty/netty-buffer/4.1.49.Final/netty-buffer-4.1.49.Final.jar:/home/runner/.m2/repository/io/netty/netty-transport/4.1.49.Final/netty-transport-4.1.49.Final.jar:/home/runner/.m2/repository/io/netty/netty-handler-proxy/4.1.49.Final/netty-handler-proxy-4.1.49.Final.jar:/home/runner/.m2/repository/io/netty/netty-codec-socks/4.1.49.Final/netty-codec-socks-4.1.49.Final.jar:/home/runner/.m2/repository/io/netty/netty-codec-http/4.1.49.Final/netty-codec-http-4.1.49.Final.jar:/home/runner/.m2/repository/io/netty/netty-codec-http2/4.1.49.Final/netty-codec-http2-4.1.49.Final.jar:/home/runner/.m2/repository/io/netty/netty-resolver/4.1.49.Final/netty-resolver-4.1.49.Final.jar:/home/runner/.m2/repository/io/netty/netty-resolver-dns/4.1.49.Final/netty-resolver-dns-4.1.49.Final.jar:/home/runner/.m2/repository/io/netty/netty-codec-dns/4.1.49.Final/netty-codec-dns-4.1.49.Final.jar:/home/runner/.m2/repository/io/vertx/vertx-web/3.9.4/vertx-web-3.9.4.jar:/home/runner/.m2/repository/io/vertx/vertx-web-common/3.9.4/vertx-web-common-3.9.4.jar:/home/runner/.m2/repository/io/vertx/vertx-auth-common/3.9.4/vertx-auth-common-3.9.4.jar:/home/runner/.m2/repository/io/vertx/vertx-bridge-common/3.9.4/vertx-bridge-common-3.9.4.jar:/home/runner/.m2/repository/io/quarkus/quarkus-resteasy-server-common/1.10.3.Final/quarkus-resteasy-server-common-1.10.3.Final.jar:/home/runner/.m2/repository/jakarta/validation/jakarta.validation-api/2.0.2/jakarta.validation-api-2.0.2.jar:/home/runner/.m2/repository/io/quarkus/quarkus-arc/1.10.3.Final/quarkus-arc-1.10.3.Final.jar:/home/runner/.m2/repository/io/quarkus/arc/arc/1.10.3.Final/arc-1.10.3.Final.jar:/home/runner/.m2/repository/jakarta/transaction/jakarta.transaction-api/1.3.3/jakarta.transaction-api-1.3.3.jar:/home/runner/.m2/repository/io/quarkus/quarkus-core/1.10.3.Final/quarkus-core-1.10.3.Final.jar:/home/runner/.m2/repository/jakarta/inject/jakarta.inject-api/1.0/jakarta.inject-api-1.0.jar:/home/runner/.m2/repository/io/quarkus/quarkus-ide-launcher/1.10.3.Final/quarkus-ide-launcher-1.10.3.Final.jar:/home/runner/.m2/repository/io/quarkus/quarkus-development-mode-spi/1.10.3.Final/quarkus-development-mode-spi-1.10.3.Final.jar:/home/runner/.m2/repository/io/smallrye/config/smallrye-config/1.9.3/smallrye-config-1.9.3.jar:/home/runner/.m2/repository/io/smallrye/common/smallrye-common-annotation/1.4.1/smallrye-common-annotation-1.4.1.jar:/home/runner/.m2/repository/io/smallrye/common/smallrye-common-expression/1.4.1/smallrye-common-expression-1.4.1.jar:/home/runner/.m2/repository/io/smallrye/common/smallrye-common-function/1.4.1/smallrye-common-function-1.4.1.jar:/home/runner/.m2/repository/io/smallrye/common/smallrye-common-classloader/1.4.1/smallrye-common-classloader-1.4.1.jar:/home/runner/.m2/repository/org/ow2/asm/asm/9.0/asm-9.0.jar:/home/runner/.m2/repository/org/jboss/logmanager/jboss-logmanager-embedded/1.0.6/jboss-logmanager-embedded-1.0.6.jar:/home/runner/.m2/repository/org/jboss/logging/jboss-logging-annotations/2.1.0.Final/jboss-logging-annotations-2.1.0.Final.jar:/home/runner/.m2/repository/org/jboss/threads/jboss-threads/3.1.1.Final/jboss-threads-3.1.1.Final.jar:/home/runner/.m2/repository/org/jboss/slf4j/slf4j-jboss-logmanager/1.1.0.Final/slf4j-jboss-logmanager-1.1.0.Final.jar:/home/runner/.m2/repository/org/graalvm/sdk/graal-sdk/20.2.0/graal-sdk-20.2.0.jar:/home/runner/.m2/repository/org/wildfly/common/wildfly-common/1.5.4.Final-format-001/wildfly-common-1.5.4.Final-format-001.jar:/home/runner/.m2/repository/io/quarkus/quarkus-bootstrap-runner/1.10.3.Final/quarkus-bootstrap-runner-1.10.3.Final.jar:/home/runner/.m2/repository/org/eclipse/microprofile/context-propagation/microprofile-context-propagation-api/1.0.1/microprofile-context-propagation-api-1.0.1.jar:/home/runner/.m2/repository/io/quarkus/quarkus-junit5/1.10.3.Final/quarkus-junit5-1.10.3.Final.jar:/home/runner/.m2/repository/io/quarkus/quarkus-bootstrap-core/1.10.3.Final/quarkus-bootstrap-core-1.10.3.Final.jar:/home/runner/.m2/repository/io/quarkus/quarkus-bootstrap-app-model/1.10.3.Final/quarkus-bootstrap-app-model-1.10.3.Final.jar:/home/runner/.m2/repository/io/quarkus/quarkus-bootstrap-maven-resolver/1.10.3.Final/quarkus-bootstrap-maven-resolver-1.10.3.Final.jar:/home/runner/.m2/repository/org/apache/maven/maven-embedder/3.6.3/maven-embedder-3.6.3.jar:/home/runner/.m2/repository/org/apache/maven/maven-settings/3.6.3/maven-settings-3.6.3.jar:/home/runner/.m2/repository/org/apache/maven/maven-core/3.6.3/maven-core-3.6.3.jar:/home/runner/.m2/repository/org/apache/maven/maven-artifact/3.6.3/maven-artifact-3.6.3.jar:/home/runner/.m2/repository/org/codehaus/plexus/plexus-component-annotations/2.1.0/plexus-component-annotations-2.1.0.jar:/home/runner/.m2/repository/org/apache/maven/maven-plugin-api/3.6.3/maven-plugin-api-3.6.3.jar:/home/runner/.m2/repository/org/apache/maven/maven-model/3.6.3/maven-model-3.6.3.jar:/home/runner/.m2/repository/org/apache/maven/maven-model-builder/3.6.3/maven-model-builder-3.6.3.jar:/home/runner/.m2/repository/org/apache/maven/maven-builder-support/3.6.3/maven-builder-support-3.6.3.jar:/home/runner/.m2/repository/org/apache/maven/resolver/maven-resolver-api/1.4.1/maven-resolver-api-1.4.1.jar:/home/runner/.m2/repository/org/apache/maven/resolver/maven-resolver-util/1.4.1/maven-resolver-util-1.4.1.jar:/home/runner/.m2/repository/org/apache/maven/shared/maven-shared-utils/3.2.1/maven-shared-utils-3.2.1.jar:/home/runner/.m2/repository/com/google/inject/guice/4.2.1/guice-4.2.1-no_aop.jar:/home/runner/.m2/repository/com/google/guava/guava/30.0-jre/guava-30.0-jre.jar:/home/runner/.m2/repository/com/google/guava/failureaccess/1.0.1/failureaccess-1.0.1.jar:/home/runner/.m2/repository/com/google/guava/listenablefuture/9999.0-empty-to-avoid-conflict-with-guava/listenablefuture-9999.0-empty-to-avoid-conflict-with-guava.jar:/home/runner/.m2/repository/org/codehaus/plexus/plexus-utils/3.2.1/plexus-utils-3.2.1.jar:/home/runner/.m2/repository/org/codehaus/plexus/plexus-classworlds/2.6.0/plexus-classworlds-2.6.0.jar:/home/runner/.m2/repository/commons-cli/commons-cli/1.4/commons-cli-1.4.jar:/home/runner/.m2/repository/org/apache/commons/commons-lang3/3.9/commons-lang3-3.9.jar:/home/runner/.m2/repository/org/eclipse/sisu/org.eclipse.sisu.plexus/0.3.4/org.eclipse.sisu.plexus-0.3.4.jar:/home/runner/.m2/repository/org/apache/maven/maven-settings-builder/3.6.3/maven-settings-builder-3.6.3.jar:/home/runner/.m2/repository/org/codehaus/plexus/plexus-interpolation/1.25/plexus-interpolation-1.25.jar:/home/runner/.m2/repository/org/sonatype/plexus/plexus-sec-dispatcher/1.4/plexus-sec-dispatcher-1.4.jar:/home/runner/.m2/repository/org/sonatype/plexus/plexus-cipher/1.4/plexus-cipher-1.4.jar:/home/runner/.m2/repository/org/apache/maven/maven-resolver-provider/3.6.3/maven-resolver-provider-3.6.3.jar:/home/runner/.m2/repository/org/apache/maven/maven-repository-metadata/3.6.3/maven-repository-metadata-3.6.3.jar:/home/runner/.m2/repository/org/apache/maven/resolver/maven-resolver-spi/1.4.1/maven-resolver-spi-1.4.1.jar:/home/runner/.m2/repository/org/apache/maven/resolver/maven-resolver-impl/1.4.1/maven-resolver-impl-1.4.1.jar:/home/runner/.m2/repository/org/apache/maven/resolver/maven-resolver-connector-basic/1.4.1/maven-resolver-connector-basic-1.4.1.jar:/home/runner/.m2/repository/org/apache/maven/resolver/maven-resolver-transport-wagon/1.4.1/maven-resolver-transport-wagon-1.4.1.jar:/home/runner/.m2/repository/org/apache/maven/wagon/wagon-http/3.3.4/wagon-http-3.3.4.jar:/home/runner/.m2/repository/org/apache/maven/wagon/wagon-http-shared/3.3.4/wagon-http-shared-3.3.4.jar:/home/runner/.m2/repository/org/jsoup/jsoup/1.12.1/jsoup-1.12.1.jar:/home/runner/.m2/repository/org/apache/maven/wagon/wagon-provider-api/3.3.4/wagon-provider-api-3.3.4.jar:/home/runner/.m2/repository/org/apache/maven/wagon/wagon-file/3.3.4/wagon-file-3.3.4.jar:/home/runner/.m2/repository/io/quarkus/quarkus-bootstrap-gradle-resolver/1.10.3.Final/quarkus-bootstrap-gradle-resolver-1.10.3.Final.jar:/home/runner/.m2/repository/io/smallrye/common/smallrye-common-io/1.4.1/smallrye-common-io-1.4.1.jar:/home/runner/.m2/repository/org/eclipse/sisu/org.eclipse.sisu.inject/0.3.4/org.eclipse.sisu.inject-0.3.4.jar:/home/runner/.m2/repository/io/quarkus/quarkus-test-common/1.10.3.Final/quarkus-test-common-1.10.3.Final.jar:/home/runner/.m2/repository/io/quarkus/quarkus-core-deployment/1.10.3.Final/quarkus-core-deployment-1.10.3.Final.jar:/home/runner/.m2/repository/io/quarkus/gizmo/gizmo/1.0.6.Final/gizmo-1.0.6.Final.jar:/home/runner/.m2/repository/org/ow2/asm/asm-util/9.0/asm-util-9.0.jar:/home/runner/.m2/repository/org/ow2/asm/asm-tree/9.0/asm-tree-9.0.jar:/home/runner/.m2/repository/org/ow2/asm/asm-analysis/9.0/asm-analysis-9.0.jar:/home/runner/.m2/repository/io/quarkus/quarkus-devtools-utilities/1.10.3.Final/quarkus-devtools-utilities-1.10.3.Final.jar:/home/runner/.m2/repository/io/quarkus/quarkus-builder/1.10.3.Final/quarkus-builder-1.10.3.Final.jar:/home/runner/.m2/repository/io/quarkus/quarkus-jsonp-deployment/1.10.3.Final/quarkus-jsonp-deployment-1.10.3.Final.jar:/home/runner/.m2/repository/org/jboss/jandex/2.2.1.Final/jandex-2.2.1.Final.jar:/home/runner/.m2/repository/org/junit/jupiter/junit-jupiter/5.7.0/junit-jupiter-5.7.0.jar:/home/runner/.m2/repository/org/junit/jupiter/junit-jupiter-params/5.7.0/junit-jupiter-params-5.7.0.jar:/home/runner/.m2/repository/com/thoughtworks/xstream/xstream/1.4.11/xstream-1.4.11.jar:/home/runner/.m2/repository/xmlpull/xmlpull/1.1.3.1/xmlpull-1.1.3.1.jar:/home/runner/.m2/repository/xpp3/xpp3_min/1.1.4c/xpp3_min-1.1.4c.jar:/home/runner/.m2/repository/org/jetbrains/kotlin/kotlin-stdlib-jdk8/1.3.72/kotlin-stdlib-jdk8-1.3.72.jar:/home/runner/.m2/repository/org/jetbrains/kotlin/kotlin-stdlib/1.3.72/kotlin-stdlib-1.3.72.jar:/home/runner/.m2/repository/org/jetbrains/kotlin/kotlin-stdlib-common/1.3.72/kotlin-stdlib-common-1.3.72.jar:/home/runner/.m2/repository/org/jetbrains/annotations/13.0/annotations-13.0.jar:/home/runner/.m2/repository/org/jetbrains/kotlin/kotlin-stdlib-jdk7/1.3.72/kotlin-stdlib-jdk7-1.3.72.jar:/home/runner/.m2/repository/io/quarkus/quarkus-hibernate-validator/1.10.3.Final/quarkus-hibernate-validator-1.10.3.Final.jar:/home/runner/.m2/repository/org/hibernate/validator/hibernate-validator/6.1.6.Final/hibernate-validator-6.1.6.Final.jar:/home/runner/.m2/repository/com/fasterxml/classmate/1.3.4/classmate-1.3.4.jar:/home/runner/.m2/repository/org/glassfish/jakarta.el/3.0.3/jakarta.el-3.0.3.jar:/home/runner/.m2/repository/io/quarkus/quarkus-kubernetes-client/1.10.3.Final/quarkus-kubernetes-client-1.10.3.Final.jar:/home/runner/.m2/repository/io/quarkus/quarkus-kubernetes-client-internal/1.10.3.Final/quarkus-kubernetes-client-internal-1.10.3.Final.jar:/home/runner/.m2/repository/io/quarkus/quarkus-jackson/1.10.3.Final/quarkus-jackson-1.10.3.Final.jar:/home/runner/.m2/repository/com/fasterxml/jackson/core/jackson-databind/2.11.3/jackson-databind-2.11.3.jar:/home/runner/.m2/repository/com/fasterxml/jackson/datatype/jackson-datatype-jsr310/2.11.3/jackson-datatype-jsr310-2.11.3.jar:/home/runner/.m2/repository/com/fasterxml/jackson/datatype/jackson-datatype-jdk8/2.11.3/jackson-datatype-jdk8-2.11.3.jar:/home/runner/.m2/repository/com/fasterxml/jackson/module/jackson-module-parameter-names/2.11.3/jackson-module-parameter-names-2.11.3.jar:/home/runner/.m2/repository/io/fabric8/kubernetes-client/4.12.0/kubernetes-client-4.12.0.jar:/home/runner/.m2/repository/io/fabric8/kubernetes-model-core/4.12.0/kubernetes-model-core-4.12.0.jar:/home/runner/.m2/repository/io/fabric8/kubernetes-model-common/4.12.0/kubernetes-model-common-4.12.0.jar:/home/runner/.m2/repository/com/fasterxml/jackson/module/jackson-module-jaxb-annotations/2.11.3/jackson-module-jaxb-annotations-2.11.3.jar:/home/runner/.m2/repository/jakarta/activation/jakarta.activation-api/1.2.1/jakarta.activation-api-1.2.1.jar:/home/runner/.m2/repository/io/fabric8/kubernetes-model-rbac/4.12.0/kubernetes-model-rbac-4.12.0.jar:/home/runner/.m2/repository/io/fabric8/kubernetes-model-admissionregistration/4.12.0/kubernetes-model-admissionregistration-4.12.0.jar:/home/runner/.m2/repository/io/fabric8/kubernetes-model-apps/4.12.0/kubernetes-model-apps-4.12.0.jar:/home/runner/.m2/repository/io/fabric8/kubernetes-model-autoscaling/4.12.0/kubernetes-model-autoscaling-4.12.0.jar:/home/runner/.m2/repository/io/fabric8/kubernetes-model-apiextensions/4.12.0/kubernetes-model-apiextensions-4.12.0.jar:/home/runner/.m2/repository/io/fabric8/kubernetes-model-batch/4.12.0/kubernetes-model-batch-4.12.0.jar:/home/runner/.m2/repository/io/fabric8/kubernetes-model-certificates/4.12.0/kubernetes-model-certificates-4.12.0.jar:/home/runner/.m2/repository/io/fabric8/kubernetes-model-coordination/4.12.0/kubernetes-model-coordination-4.12.0.jar:/home/runner/.m2/repository/io/fabric8/kubernetes-model-discovery/4.12.0/kubernetes-model-discovery-4.12.0.jar:/home/runner/.m2/repository/io/fabric8/kubernetes-model-events/4.12.0/kubernetes-model-events-4.12.0.jar:/home/runner/.m2/repository/io/fabric8/kubernetes-model-extensions/4.12.0/kubernetes-model-extensions-4.12.0.jar:/home/runner/.m2/repository/io/fabric8/kubernetes-model-networking/4.12.0/kubernetes-model-networking-4.12.0.jar:/home/runner/.m2/repository/io/fabric8/kubernetes-model-metrics/4.12.0/kubernetes-model-metrics-4.12.0.jar:/home/runner/.m2/repository/io/fabric8/kubernetes-model-policy/4.12.0/kubernetes-model-policy-4.12.0.jar:/home/runner/.m2/repository/io/fabric8/kubernetes-model-scheduling/4.12.0/kubernetes-model-scheduling-4.12.0.jar:/home/runner/.m2/repository/io/fabric8/kubernetes-model-settings/4.12.0/kubernetes-model-settings-4.12.0.jar:/home/runner/.m2/repository/io/fabric8/kubernetes-model-storageclass/4.12.0/kubernetes-model-storageclass-4.12.0.jar:/home/runner/.m2/repository/com/squareup/okhttp3/okhttp/3.14.9/okhttp-3.14.9.jar:/home/runner/.m2/repository/com/squareup/okio/okio/1.17.2/okio-1.17.2.jar:/home/runner/.m2/repository/com/squareup/okhttp3/logging-interceptor/3.14.9/logging-interceptor-3.14.9.jar:/home/runner/.m2/repository/com/fasterxml/jackson/dataformat/jackson-dataformat-yaml/2.11.3/jackson-dataformat-yaml-2.11.3.jar:/home/runner/.m2/repository/com/fasterxml/jackson/core/jackson-core/2.11.3/jackson-core-2.11.3.jar:/home/runner/.m2/repository/io/fabric8/zjsonpatch/0.3.0/zjsonpatch-0.3.0.jar:/home/runner/.m2/repository/com/github/mifmif/generex/1.0.2/generex-1.0.2.jar:/home/runner/.m2/repository/dk/brics/automaton/automaton/1.11-8/automaton-1.11-8.jar:/home/runner/.m2/repository/org/apache/commons/commons-compress/1.20/commons-compress-1.20.jar:/home/runner/.m2/repository/jakarta/annotation/jakarta.annotation-api/1.3.5/jakarta.annotation-api-1.3.5.jar:/home/runner/.m2/repository/org/jboss/spec/javax/xml/bind/jboss-jaxb-api_2.3_spec/2.0.0.Final/jboss-jaxb-api_2.3_spec-2.0.0.Final.jar:/home/runner/.m2/repository/io/smallrye/config/smallrye-config-source-yaml/1.9.3/smallrye-config-source-yaml-1.9.3.jar:/home/runner/.m2/repository/io/smallrye/config/smallrye-config-common/1.9.3/smallrye-config-common-1.9.3.jar:/home/runner/.m2/repository/io/smallrye/common/smallrye-common-constraint/1.4.1/smallrye-common-constraint-1.4.1.jar:/home/runner/.m2/repository/org/yaml/snakeyaml/1.26/snakeyaml-1.26.jar:/home/runner/.m2/repository/io/quarkus/quarkus-jsonb/1.10.3.Final/quarkus-jsonb-1.10.3.Final.jar:/home/runner/.m2/repository/org/eclipse/yasson/1.0.8/yasson-1.0.8.jar:/home/runner/.m2/repository/io/quarkus/quarkus-jsonp/1.10.3.Final/quarkus-jsonp-1.10.3.Final.jar:/home/runner/.m2/repository/org/glassfish/jakarta.json/1.1.6/jakarta.json-1.1.6.jar:/home/runner/.m2/repository/io/quarkus/quarkus-hibernate-orm-panache/1.10.3.Final/quarkus-hibernate-orm-panache-1.10.3.Final.jar:/home/runner/.m2/repository/io/quarkus/quarkus-hibernate-orm/1.10.3.Final/quarkus-hibernate-orm-1.10.3.Final.jar:/home/runner/.m2/repository/io/quarkus/quarkus-agroal/1.10.3.Final/quarkus-agroal-1.10.3.Final.jar:/home/runner/.m2/repository/io/quarkus/quarkus-datasource/1.10.3.Final/quarkus-datasource-1.10.3.Final.jar:/home/runner/.m2/repository/io/quarkus/quarkus-datasource-common/1.10.3.Final/quarkus-datasource-common-1.10.3.Final.jar:/home/runner/.m2/repository/org/jboss/narayana/jta/narayana-jta/5.10.6.Final/narayana-jta-5.10.6.Final.jar:/home/runner/.m2/repository/org/jboss/jboss-transaction-spi/7.6.0.Final/jboss-transaction-spi-7.6.0.Final.jar:/home/runner/.m2/repository/org/jboss/spec/javax/resource/jboss-connector-api_1.7_spec/1.0.0.Final/jboss-connector-api_1.7_spec-1.0.0.Final.jar:/home/runner/.m2/repository/org/jboss/narayana/jts/narayana-jts-integration/5.10.6.Final/narayana-jts-integration-5.10.6.Final.jar:/home/runner/.m2/repository/io/agroal/agroal-api/1.9/agroal-api-1.9.jar:/home/runner/.m2/repository/io/agroal/agroal-narayana/1.9/agroal-narayana-1.9.jar:/home/runner/.m2/repository/io/agroal/agroal-pool/1.9/agroal-pool-1.9.jar:/home/runner/.m2/repository/io/quarkus/quarkus-credentials/1.10.3.Final/quarkus-credentials-1.10.3.Final.jar:/home/runner/.m2/repository/io/quarkus/quarkus-narayana-jta/1.10.3.Final/quarkus-narayana-jta-1.10.3.Final.jar:/home/runner/.m2/repository/io/quarkus/quarkus-mutiny/1.10.3.Final/quarkus-mutiny-1.10.3.Final.jar:/home/runner/.m2/repository/io/quarkus/quarkus-smallrye-context-propagation/1.10.3.Final/quarkus-smallrye-context-propagation-1.10.3.Final.jar:/home/runner/.m2/repository/io/smallrye/smallrye-context-propagation/1.0.19/smallrye-context-propagation-1.0.19.jar:/home/runner/.m2/repository/io/smallrye/smallrye-context-propagation-api/1.0.19/smallrye-context-propagation-api-1.0.19.jar:/home/runner/.m2/repository/io/smallrye/reactive/mutiny-context-propagation/0.11.0/mutiny-context-propagation-0.11.0.jar:/home/runner/.m2/repository/io/smallrye/smallrye-context-propagation-jta/1.0.19/smallrye-context-propagation-jta-1.0.19.jar:/home/runner/.m2/repository/io/smallrye/reactive/smallrye-reactive-converter-api/1.2.2/smallrye-reactive-converter-api-1.2.2.jar:/home/runner/.m2/repository/io/smallrye/reactive/smallrye-reactive-converter-mutiny/1.2.2/smallrye-reactive-converter-mutiny-1.2.2.jar:/home/runner/.m2/repository/org/hibernate/hibernate-core/5.4.24.Final/hibernate-core-5.4.24.Final.jar:/home/runner/.m2/repository/net/bytebuddy/byte-buddy/1.10.17/byte-buddy-1.10.17.jar:/home/runner/.m2/repository/antlr/antlr/2.7.7/antlr-2.7.7.jar:/home/runner/.m2/repository/org/dom4j/dom4j/2.1.3/dom4j-2.1.3.jar:/home/runner/.m2/repository/org/hibernate/common/hibernate-commons-annotations/5.1.2.Final/hibernate-commons-annotations-5.1.2.Final.jar:/home/runner/.m2/repository/org/hibernate/hibernate-graalvm/5.4.24.Final/hibernate-graalvm-5.4.24.Final.jar:/home/runner/.m2/repository/org/glassfish/jaxb/jaxb-runtime/2.3.3-b02/jaxb-runtime-2.3.3-b02.jar:/home/runner/.m2/repository/org/glassfish/jaxb/txw2/2.3.3-b02/txw2-2.3.3-b02.jar:/home/runner/.m2/repository/com/sun/istack/istack-commons-runtime/3.0.10/istack-commons-runtime-3.0.10.jar:/home/runner/.m2/repository/jakarta/persistence/jakarta.persistence-api/2.2.3/jakarta.persistence-api-2.2.3.jar:/home/runner/.m2/repository/org/hibernate/quarkus-local-cache/0.1.0/quarkus-local-cache-0.1.0.jar:/home/runner/.m2/repository/com/github/ben-manes/caffeine/caffeine/2.8.6/caffeine-2.8.6.jar:/home/runner/.m2/repository/com/google/errorprone/error_prone_annotations/2.2.0/error_prone_annotations-2.2.0.jar:/home/runner/.m2/repository/io/quarkus/quarkus-caffeine/1.10.3.Final/quarkus-caffeine-1.10.3.Final.jar:/home/runner/.m2/repository/io/quarkus/quarkus-hibernate-orm-panache-common/1.10.3.Final/quarkus-hibernate-orm-panache-common-1.10.3.Final.jar:/home/runner/.m2/repository/io/quarkus/quarkus-panache-hibernate-common/1.10.3.Final/quarkus-panache-hibernate-common-1.10.3.Final.jar:/home/runner/.m2/repository/io/quarkus/quarkus-panache-common/1.10.3.Final/quarkus-panache-common-1.10.3.Final.jar:/home/runner/.m2/repository/io/quarkus/quarkus-jdbc-postgresql/1.10.3.Final/quarkus-jdbc-postgresql-1.10.3.Final.jar:/home/runner/.m2/repository/io/quarkus/quarkus-keycloak-authorization/1.10.3.Final/quarkus-keycloak-authorization-1.10.3.Final.jar:/home/runner/.m2/repository/io/quarkus/quarkus-oidc/1.10.3.Final/quarkus-oidc-1.10.3.Final.jar:/home/runner/.m2/repository/io/smallrye/smallrye-jwt/2.3.1/smallrye-jwt-2.3.1.jar:/home/runner/.m2/repository/org/eclipse/microprofile/jwt/microprofile-jwt-auth-api/1.1.1/microprofile-jwt-auth-api-1.1.1.jar:/home/runner/.m2/repository/org/bitbucket/b_c/jose4j/0.7.2/jose4j-0.7.2.jar:/home/runner/.m2/repository/io/vertx/vertx-auth-oauth2/3.9.4/vertx-auth-oauth2-3.9.4.jar:/home/runner/.m2/repository/io/vertx/vertx-jwt/3.9.4/vertx-jwt-3.9.4.jar:/home/runner/.m2/repository/org/keycloak/keycloak-adapter-core/11.0.3/keycloak-adapter-core-11.0.3.jar:/home/runner/.m2/repository/org/keycloak/keycloak-core/11.0.3/keycloak-core-11.0.3.jar:/home/runner/.m2/repository/org/keycloak/keycloak-common/11.0.3/keycloak-common-11.0.3.jar:/home/runner/.m2/repository/org/bouncycastle/bcprov-jdk15on/1.66/bcprov-jdk15on-1.66.jar:/home/runner/.m2/repository/org/bouncycastle/bcpkix-jdk15on/1.66/bcpkix-jdk15on-1.66.jar:/home/runner/.m2/repository/org/keycloak/keycloak-adapter-spi/11.0.3/keycloak-adapter-spi-11.0.3.jar:/home/runner/.m2/repository/org/keycloak/keycloak-authz-client/11.0.3/keycloak-authz-client-11.0.3.jar:/home/runner/.m2/repository/org/jboss/logging/commons-logging-jboss-logging/1.0.0.Final/commons-logging-jboss-logging-1.0.0.Final.jar:/home/runner/.m2/repository/io/quarkus/quarkus-rest-client/1.10.3.Final/quarkus-rest-client-1.10.3.Final.jar:/home/runner/.m2/repository/io/quarkus/quarkus-resteasy-common/1.10.3.Final/quarkus-resteasy-common-1.10.3.Final.jar:/home/runner/.m2/repository/org/jboss/resteasy/resteasy-core/4.5.8.Final/resteasy-core-4.5.8.Final.jar:/home/runner/.m2/repository/org/jboss/spec/javax/ws/rs/jboss-jaxrs-api_2.1_spec/2.0.1.Final/jboss-jaxrs-api_2.1_spec-2.0.1.Final.jar:/home/runner/.m2/repository/org/jboss/resteasy/resteasy-core-spi/4.5.8.Final/resteasy-core-spi-4.5.8.Final.jar:/home/runner/.m2/repository/org/reactivestreams/reactive-streams/1.0.3/reactive-streams-1.0.3.jar:/home/runner/.m2/repository/com/ibm/async/asyncutil/0.1.0/asyncutil-0.1.0.jar:/home/runner/.m2/repository/com/sun/activation/jakarta.activation/1.2.1/jakarta.activation-1.2.1.jar:/home/runner/.m2/repository/org/jboss/resteasy/resteasy-client-microprofile/4.5.8.Final/resteasy-client-microprofile-4.5.8.Final.jar:/home/runner/.m2/repository/org/jboss/resteasy/resteasy-client/4.5.8.Final/resteasy-client-4.5.8.Final.jar:/home/runner/.m2/repository/org/jboss/resteasy/resteasy-client-api/4.5.8.Final/resteasy-client-api-4.5.8.Final.jar:/home/runner/.m2/repository/org/eclipse/microprofile/rest/client/microprofile-rest-client-api/1.4.1/microprofile-rest-client-api-1.4.1.jar:/home/runner/.m2/repository/jakarta/interceptor/jakarta.interceptor-api/1.2.5/jakarta.interceptor-api-1.2.5.jar:/home/runner/.m2/repository/org/apache/httpcomponents/httpasyncclient/4.1.4/httpasyncclient-4.1.4.jar:/home/runner/.m2/repository/org/apache/httpcomponents/httpcore/4.4.13/httpcore-4.4.13.jar:/home/runner/.m2/repository/org/apache/httpcomponents/httpcore-nio/4.4.13/httpcore-nio-4.4.13.jar:/home/runner/.m2/repository/io/quarkus/quarkus-smallrye-openapi/1.10.3.Final/quarkus-smallrye-openapi-1.10.3.Final.jar:/home/runner/.m2/repository/io/smallrye/smallrye-open-api-core/2.0.16/smallrye-open-api-core-2.0.16.jar:/home/runner/.m2/repository/org/eclipse/microprofile/openapi/microprofile-openapi-api/1.1.2/microprofile-openapi-api-1.1.2.jar:/home/runner/.m2/repository/org/eclipse/microprofile/config/microprofile-config-api/1.4/microprofile-config-api-1.4.jar:/home/runner/.m2/repository/io/quarkus/quarkus-swagger-ui/1.10.3.Final/quarkus-swagger-ui-1.10.3.Final.jar:/home/runner/.m2/repository/com/intuit/karate/karate-apache/0.9.6/karate-apache-0.9.6.jar:/home/runner/.m2/repository/com/intuit/karate/karate-core/0.9.6/karate-core-0.9.6.jar:/home/runner/.m2/repository/com/jayway/jsonpath/json-path/2.4.0/json-path-2.4.0.jar:/home/runner/.m2/repository/net/minidev/json-smart/2.3/json-smart-2.3.jar:/home/runner/.m2/repository/net/minidev/accessors-smart/1.2/accessors-smart-1.2.jar:/home/runner/.m2/repository/info/cukes/cucumber-java/1.2.5/cucumber-java-1.2.5.jar:/home/runner/.m2/repository/info/cukes/cucumber-core/1.2.5/cucumber-core-1.2.5.jar:/home/runner/.m2/repository/de/siegmar/fastcsv/1.0.3/fastcsv-1.0.3.jar:/home/runner/.m2/repository/info/picocli/picocli/4.5.2/picocli-4.5.2.jar:/home/runner/.m2/repository/org/apache/httpcomponents/httpclient/4.5.13/httpclient-4.5.13.jar:/home/runner/.m2/repository/commons-codec/commons-codec/1.14/commons-codec-1.14.jar:/home/runner/.m2/repository/org/apache/httpcomponents/httpmime/4.5.13/httpmime-4.5.13.jar:/home/runner/.m2/repository/org/slf4j/jcl-over-slf4j/1.7.30/jcl-over-slf4j-1.7.30.jar:/home/runner/.m2/repository/ch/qos/logback/logback-classic/1.2.3/logback-classic-1.2.3.jar:/home/runner/.m2/repository/ch/qos/logback/logback-core/1.2.3/logback-core-1.2.3.jar:/home/runner/.m2/repository/com/intuit/karate/karate-junit5/0.9.6/karate-junit5-0.9.6.jar:/home/runner/.m2/repository/org/junit/jupiter/junit-jupiter-api/5.7.0/junit-jupiter-api-5.7.0.jar:/home/runner/.m2/repository/org/apiguardian/apiguardian-api/1.1.0/apiguardian-api-1.1.0.jar:/home/runner/.m2/repository/org/opentest4j/opentest4j/1.2.0/opentest4j-1.2.0.jar:/home/runner/.m2/repository/org/junit/platform/junit-platform-commons/1.7.0/junit-platform-commons-1.7.0.jar:/home/runner/.m2/repository/org/junit/jupiter/junit-jupiter-engine/5.7.0/junit-jupiter-engine-5.7.0.jar:/home/runner/.m2/repository/org/junit/platform/junit-platform-engine/1.7.0/junit-platform-engine-1.7.0.jar:/home/runner/.m2/repository/org/testcontainers/testcontainers/1.15.1/testcontainers-1.15.1.jar:/home/runner/.m2/repository/junit/junit/4.12/junit-4.12.jar:/home/runner/.m2/repository/org/hamcrest/hamcrest-core/1.3/hamcrest-core-1.3.jar:/home/runner/.m2/repository/org/slf4j/slf4j-api/1.7.30/slf4j-api-1.7.30.jar:/home/runner/.m2/repository/org/rnorth/duct-tape/duct-tape/1.0.8/duct-tape-1.0.8.jar:/home/runner/.m2/repository/org/rnorth/visible-assertions/visible-assertions/2.1.2/visible-assertions-2.1.2.jar:/home/runner/.m2/repository/net/java/dev/jna/jna/5.3.1/jna-5.3.1.jar:/home/runner/.m2/repository/com/github/docker-java/docker-java-api/3.2.7/docker-java-api-3.2.7.jar:/home/runner/.m2/repository/com/fasterxml/jackson/core/jackson-annotations/2.11.3/jackson-annotations-2.11.3.jar:/home/runner/.m2/repository/com/github/docker-java/docker-java-transport-zerodep/3.2.7/docker-java-transport-zerodep-3.2.7.jar:/home/runner/.m2/repository/com/github/docker-java/docker-java-transport/3.2.7/docker-java-transport-3.2.7.jar:/home/runner/.m2/repository/org/testcontainers/postgresql/1.15.1/postgresql-1.15.1.jar:/home/runner/.m2/repository/org/testcontainers/jdbc/1.15.1/jdbc-1.15.1.jar:/home/runner/.m2/repository/org/testcontainers/database-commons/1.15.1/database-commons-1.15.1.jar:/home/runner/.m2/repository/io/quarkus/quarkus-test-security/1.10.3.Final/quarkus-test-security-1.10.3.Final.jar:/home/runner/.m2/repository/io/quarkus/quarkus-security/1.10.3.Final/quarkus-security-1.10.3.Final.jar:/home/runner/.m2/repository/org/postgresql/postgresql/42.2.18/postgresql-42.2.18.jar:/home/runner/.m2/repository/io/quarkus/quarkus-elytron-security-properties-file/1.10.3.Final/quarkus-elytron-security-properties-file-1.10.3.Final.jar:/home/runner/.m2/repository/io/quarkus/quarkus-elytron-security/1.10.3.Final/quarkus-elytron-security-1.10.3.Final.jar:/home/runner/.m2/repository/io/quarkus/quarkus-elytron-security-common/1.10.3.Final/quarkus-elytron-security-common-1.10.3.Final.jar:/home/runner/.m2/repository/org/wildfly/security/wildfly-elytron-auth-server/1.13.1.Final/wildfly-elytron-auth-server-1.13.1.Final.jar:/home/runner/.m2/repository/org/wildfly/security/wildfly-elytron-auth/1.13.1.Final/wildfly-elytron-auth-1.13.1.Final.jar:/home/runner/.m2/repository/org/wildfly/security/wildfly-elytron-base/1.13.1.Final/wildfly-elytron-base-1.13.1.Final.jar:/home/runner/.m2/repository/org/wildfly/security/wildfly-elytron-credential/1.13.1.Final/wildfly-elytron-credential-1.13.1.Final.jar:/home/runner/.m2/repository/org/wildfly/security/wildfly-elytron-asn1/1.13.1.Final/wildfly-elytron-asn1-1.13.1.Final.jar:/home/runner/.m2/repository/org/wildfly/security/wildfly-elytron-keystore/1.13.1.Final/wildfly-elytron-keystore-1.13.1.Final.jar:/home/runner/.m2/repository/org/wildfly/security/wildfly-elytron-provider-util/1.13.1.Final/wildfly-elytron-provider-util-1.13.1.Final.jar:/home/runner/.m2/repository/org/wildfly/security/wildfly-elytron-permission/1.13.1.Final/wildfly-elytron-permission-1.13.1.Final.jar:/home/runner/.m2/repository/org/wildfly/security/wildfly-elytron-util/1.13.1.Final/wildfly-elytron-util-1.13.1.Final.jar:/home/runner/.m2/repository/org/wildfly/security/wildfly-elytron-x500/1.13.1.Final/wildfly-elytron-x500-1.13.1.Final.jar:/home/runner/.m2/repository/org/wildfly/security/wildfly-elytron-password-impl/1.13.1.Final/wildfly-elytron-password-impl-1.13.1.Final.jar:/home/runner/.m2/repository/org/wildfly/security/wildfly-elytron-realm/1.13.1.Final/wildfly-elytron-realm-1.13.1.Final.jar:/home/runner/.m2/repository/io/quarkus/security/quarkus-security/1.1.3.Final/quarkus-security-1.1.3.Final.jar:/home/runner/.m2/repository/io/smallrye/reactive/mutiny/0.11.0/mutiny-0.11.0.jar:/home/runner/.m2/repository/jakarta/enterprise/jakarta.enterprise.cdi-api/2.0.2/jakarta.enterprise.cdi-api-2.0.2.jar:/home/runner/.m2/repository/jakarta/el/jakarta.el-api/3.0.3/jakarta.el-api-3.0.3.jar:/home/runner/.m2/repository/jakarta/security/jacc/jakarta.security.jacc-api/1.6.1/jakarta.security.jacc-api-1.6.1.jar:/home/runner/.m2/repository/jakarta/servlet/jakarta.servlet-api/4.0.3/jakarta.servlet-api-4.0.3.jar:/home/runner/.m2/repository/jakarta/security/auth/message/jakarta.security.auth.message-api/1.1.3/jakarta.security.auth.message-api-1.1.3.jar:"/>
    <property name="sun.cpu.endian" value="little"/>
    <property name="user.home" value="/home/runner"/>
    <property name="user.language" value="en"/>
    <property name="java.specification.vendor" value="Oracle Corporation"/>
    <property name="java.version.date" value="2021-01-19"/>
    <property name="java.home" value="/opt/hostedtoolcache/jdk/11.0.10/x64"/>
    <property name="file.separator" value="/"/>
    <property name="basedir" value="/home/runner/work/beeyond/beeyond/backend-beeyond"/>
    <property name="java.vm.compressedOopsMode" value="32-bit"/>
    <property name="line.separator" value="&#10;"/>
    <property name="java.specification.name" value="Java Platform API Specification"/>
    <property name="java.vm.specification.vendor" value="Oracle Corporation"/>
    <property name="jdk.vendor.version" value="Zulu11.45+27-CA"/>
    <property name="java.awt.graphicsenv" value="sun.awt.X11GraphicsEnvironment"/>
    <property name="surefire.real.class.path" value="/home/runner/work/beeyond/beeyond/backend-beeyond/target/surefire/surefirebooter13161436173533738977.jar"/>
    <property name="sun.management.compiler" value="HotSpot 64-Bit Tiered Compilers"/>
    <property name="java.runtime.version" value="11.0.10+9-LTS"/>
    <property name="user.name" value="runner"/>
    <property name="path.separator" value=":"/>
    <property name="os.version" value="5.4.0-1041-azure"/>
    <property name="java.runtime.name" value="OpenJDK Runtime Environment"/>
    <property name="file.encoding" value="UTF-8"/>
    <property name="java.vm.name" value="OpenJDK 64-Bit Server VM"/>
    <property name="java.vendor.version" value="Zulu11.45+27-CA"/>
    <property name="localRepository" value="/home/runner/.m2/repository"/>
    <property name="java.vendor.url.bug" value="http://www.azulsystems.com/support/"/>
    <property name="java.io.tmpdir" value="/tmp"/>
    <property name="java.version" value="11.0.10"/>
    <property name="user.dir" value="/home/runner/work/beeyond/beeyond/backend-beeyond"/>
    <property name="os.arch" value="amd64"/>
    <property name="java.vm.specification.name" value="Java Virtual Machine Specification"/>
    <property name="java.awt.printerjob" value="sun.print.PSPrinterJob"/>
    <property name="sun.os.patch.level" value="unknown"/>
    <property name="java.util.logging.manager" value="org.jboss.logmanager.LogManager"/>
    <property name="java.library.path" value="/usr/java/packages/lib:/usr/lib64:/lib64:/lib:/usr/lib"/>
    <property name="java.vm.info" value="mixed mode"/>
    <property name="java.vendor" value="Azul Systems, Inc."/>
    <property name="java.vm.version" value="11.0.10+9-LTS"/>
    <property name="sun.io.unicode.encoding" value="UnicodeLittle"/>
    <property name="java.class.version" value="55.0"/>
  </properties>
  <testcase name="testCreateTemplateApplicationAsStudent[1][1]" classname="at.htl.beeyond.integration.application.template.TemplateApplicationTest" time="0.176"/>
  <testcase name="testCreateTemplateApplicationAsStudent[1][2]" classname="at.htl.beeyond.integration.application.template.TemplateApplicationTest" time="0.091"/>
  <testcase name="testCreateTemplateApplicationAsStudent[1][3]" classname="at.htl.beeyond.integration.application.template.TemplateApplicationTest" time="0.096"/>
  <testcase name="testCreateTemplateApplicationAsStudent[1][4]" classname="at.htl.beeyond.integration.application.template.TemplateApplicationTest" time="0.073"/>
  <testcase name="testCreateTemplateApplicationAsStudent[1][5]" classname="at.htl.beeyond.integration.application.template.TemplateApplicationTest" time="0.108"/>
  <testcase name="testCreateTemplateApplicationAsStudent[1][6]" classname="at.htl.beeyond.integration.application.template.TemplateApplicationTest" time="0.081"/>
  <testcase name="testCreateTemplateApplicationAsStudent[1][7]" classname="at.htl.beeyond.integration.application.template.TemplateApplicationTest" time="0.075"/>
  <testcase name="testCreateTemplateApplicationAsStudent[1][8]" classname="at.htl.beeyond.integration.application.template.TemplateApplicationTest" time="0.067"/>
  <testcase name="testCreateTemplateApplicationAsStudent[1][9]" classname="at.htl.beeyond.integration.application.template.TemplateApplicationTest" time="0.075"/>
  <testcase name="testCreateTemplateApplicationAsStudent[1][10]" classname="at.htl.beeyond.integration.application.template.TemplateApplicationTest" time="0.086"/>
  <testcase name="testCreateTemplateApplicationAsStudent[1][11]" classname="at.htl.beeyond.integration.application.template.TemplateApplicationTest" time="0.079"/>
  <testcase name="testCreateTemplateApplicationAsStudent[1][12]" classname="at.htl.beeyond.integration.application.template.TemplateApplicationTest" time="0.093"/>
</testsuite>